2020-03-12 10:59:31 [I] 创建新的udp连接:172.18.0.4:41744
2020-03-12 10:59:31 [I] init finish
2020-03-12 10:59:31 [I] Routine, handshake initator, started for peer(172.18.0.4:41744)
2020-03-12 10:59:31 [I] Routine, sequential sender, started
2020-03-12 10:59:31 [I] Routine, timer handler, started for peerpeer(172.18.0.4:41744)
2020-03-12 10:59:31 [I] Routine, nonce worker, started for peer:
2020-03-12 10:59:31 [I] Routine, receive incomming, started
2020-03-12 10:59:31 [I] Waiting for udp socket
2020-03-12 10:59:31 [I] Routine, decryption, started for device
2020-03-12 10:59:31 [I] Routine, encryption worker, started
2020-03-12 10:59:31 [I] Routine, TUN Reader started
2020-03-12 10:59:31 [I] Routine, handshake routine, started for device
2020-03-12 10:59:31 [I] Listening for inbound packets
2020-03-12 10:59:31 [I] Waiting for udp socket
2020-03-12 11:00:20 [I] Awaiting key-pair for peer(172.18.0.4:41744)
2020-03-12 11:00:20 [I] 1
2020-03-12 11:00:20 [I] Received handshake initation,5s,num:0
2020-03-12 11:00:31 [I] Sending keepalivePassive.60s/次
2020-03-12 11:02:28 [I] 当前时间:1584010948,重试时间:1584010897。未收到握手包应答
2020-03-12 11:02:28 [I] 101
2020-03-12 11:03:10 [I] Sending keepalivePassive.60s/次
2020-03-12 11:04:33 [I] 当前时间:1584011073,重试时间:1584011022。未收到握手包应答
2020-03-12 11:04:33 [I] 101
2020-03-12 11:05:24 [I] 当前时间:1584011124,重试时间:1584011073。未收到握手包应答
2020-03-12 11:05:24 [I] 101
2020-03-12 11:06:15 [I] 当前时间:1584011175,重试时间:1584011124。未收到握手包应答
2020-03-12 11:06:15 [I] 101
2020-03-12 11:07:06 [I] 当前时间:1584011226,重试时间:1584011175。未收到握手包应答
2020-03-12 11:07:06 [I] 101
2020-03-12 11:07:57 [I] 当前时间:1584011277,重试时间:1584011226。未收到握手包应答
2020-03-12 11:07:57 [I] 101
2020-03-12 11:08:48 [I] 当前时间:1584011328,重试时间:1584011277。未收到握手包应答
2020-03-12 11:08:48 [I] 101
2020-03-12 11:09:39 [I] 当前时间:1584011379,重试时间:1584011328。未收到握手包应答
2020-03-12 11:09:39 [I] 101
2020-03-12 11:10:30 [I] 当前时间:1584011430,重试时间:1584011379。未收到握手包应答
2020-03-12 11:10:30 [I] 101
2020-03-12 11:11:21 [I] 当前时间:1584011481,重试时间:1584011430。未收到握手包应答
2020-03-12 11:11:21 [I] 101
2020-03-12 11:12:12 [I] 当前时间:1584011532,重试时间:1584011481。未收到握手包应答
2020-03-12 11:12:12 [I] 101
2020-03-12 11:12:42 [I] Clearing all key material for peer(172.18.0.4:41744)
2020-03-12 11:13:03 [I] 当前时间:1584011583,重试时间:1584011532。未收到握手包应答
2020-03-12 11:13:03 [I] 101
2020-03-12 11:13:54 [I] 当前时间:1584011634,重试时间:1584011583。未收到握手包应答
2020-03-12 11:13:54 [I] 101
2020-03-12 11:14:45 [I] 当前时间:1584011685,重试时间:1584011634。未收到握手包应答
2020-03-12 11:14:45 [I] 101
2020-03-12 11:15:36 [I] 当前时间:1584011736,重试时间:1584011685。未收到握手包应答
2020-03-12 11:15:36 [I] 101
2020-03-12 11:16:27 [I] 当前时间:1584011787,重试时间:1584011736。未收到握手包应答
2020-03-12 11:16:27 [I] 101
2020-03-12 11:17:18 [I] 当前时间:1584011838,重试时间:1584011787。未收到握手包应答
2020-03-12 11:17:18 [I] 101
2020-03-12 11:18:09 [I] 当前时间:1584011889,重试时间:1584011838。未收到握手包应答
2020-03-12 11:18:09 [I] 101
2020-03-12 11:19:00 [I] 当前时间:1584011940,重试时间:1584011889。未收到握手包应答
2020-03-12 11:19:00 [I] 101
2020-03-12 11:19:51 [I] 当前时间:1584011991,重试时间:1584011940。未收到握手包应答
2020-03-12 11:19:51 [I] 101
2020-03-12 11:20:42 [I] 当前时间:1584012042,重试时间:1584011991。未收到握手包应答
2020-03-12 11:20:42 [I] 101
2020-03-12 11:21:33 [I] 当前时间:1584012093,重试时间:1584012042。未收到握手包应答
2020-03-12 11:21:33 [I] 101
2020-03-12 11:22:24 [I] 当前时间:1584012144,重试时间:1584012093。未收到握手包应答
2020-03-12 11:22:24 [I] 101
2020-03-12 11:23:15 [I] 当前时间:1584012195,重试时间:1584012144。未收到握手包应答
2020-03-12 11:23:15 [I] 101
2020-03-12 11:24:06 [I] 当前时间:1584012246,重试时间:1584012195。未收到握手包应答
2020-03-12 11:24:06 [I] 101
2020-03-12 11:24:57 [I] 当前时间:1584012297,重试时间:1584012246。未收到握手包应答
2020-03-12 11:24:57 [I] 101
2020-03-12 11:25:48 [I] 当前时间:1584012348,重试时间:1584012297。未收到握手包应答
2020-03-12 11:25:48 [I] 101
2020-03-12 11:26:39 [I] 当前时间:1584012399,重试时间:1584012348。未收到握手包应答
2020-03-12 11:26:39 [I] 101
2020-03-12 11:27:30 [I] 当前时间:1584012450,重试时间:1584012399。未收到握手包应答
2020-03-12 11:27:30 [I] 101
2020-03-12 11:28:21 [I] 当前时间:1584012501,重试时间:1584012450。未收到握手包应答
2020-03-12 11:28:21 [I] 101
2020-03-12 11:29:12 [I] 当前时间:1584012552,重试时间:1584012501。未收到握手包应答
2020-03-12 11:29:12 [I] 101
2020-03-12 11:30:03 [I] 当前时间:1584012603,重试时间:1584012552。未收到握手包应答
2020-03-12 11:30:03 [I] 101
2020-03-12 11:30:54 [I] 当前时间:1584012654,重试时间:1584012603。未收到握手包应答
2020-03-12 11:30:54 [I] 101
2020-03-12 11:31:45 [I] 当前时间:1584012705,重试时间:1584012654。未收到握手包应答
2020-03-12 11:31:45 [I] 101
2020-03-12 11:32:36 [I] 当前时间:1584012756,重试时间:1584012705。未收到握手包应答
2020-03-12 11:32:36 [I] 101
2020-03-12 11:33:27 [I] 当前时间:1584012807,重试时间:1584012756。未收到握手包应答
2020-03-12 11:33:27 [I] 101
2020-03-12 11:34:18 [I] 当前时间:1584012858,重试时间:1584012807。未收到握手包应答
2020-03-12 11:34:18 [I] 101
2020-03-12 11:35:09 [I] 当前时间:1584012909,重试时间:1584012858。未收到握手包应答
2020-03-12 11:35:09 [I] 101
2020-03-12 11:36:00 [I] 当前时间:1584012960,重试时间:1584012909。未收到握手包应答
2020-03-12 11:36:00 [I] 101
2020-03-12 11:36:51 [I] 当前时间:1584013011,重试时间:1584012960。未收到握手包应答
2020-03-12 11:36:51 [I] 101
2020-03-12 11:37:42 [I] 当前时间:1584013062,重试时间:1584013011。未收到握手包应答
2020-03-12 11:37:42 [I] 101
2020-03-12 11:38:33 [I] 当前时间:1584013113,重试时间:1584013062。未收到握手包应答
2020-03-12 11:38:33 [I] 101
2020-03-12 11:39:24 [I] 当前时间:1584013164,重试时间:1584013113。未收到握手包应答
2020-03-12 11:39:24 [I] 101
2020-03-12 11:40:15 [I] 当前时间:1584013215,重试时间:1584013164。未收到握手包应答
2020-03-12 11:40:15 [I] 101
2020-03-12 11:41:06 [I] 当前时间:1584013266,重试时间:1584013215。未收到握手包应答
2020-03-12 11:41:06 [I] 101
2020-03-12 11:41:57 [I] 当前时间:1584013317,重试时间:1584013266。未收到握手包应答
2020-03-12 11:41:57 [I] 101
2020-03-12 11:42:48 [I] 当前时间:1584013368,重试时间:1584013317。未收到握手包应答
2020-03-12 11:42:48 [I] 101
2020-03-12 11:43:39 [I] 当前时间:1584013419,重试时间:1584013368。未收到握手包应答
2020-03-12 11:43:39 [I] 101
2020-03-12 11:44:30 [I] 当前时间:1584013470,重试时间:1584013419。未收到握手包应答
2020-03-12 11:44:30 [I] 101
2020-03-12 11:45:21 [I] 当前时间:1584013521,重试时间:1584013470。未收到握手包应答
2020-03-12 11:45:21 [I] 101
2020-03-12 11:46:12 [I] 当前时间:1584013572,重试时间:1584013521。未收到握手包应答
2020-03-12 11:46:12 [I] 101
2020-03-12 11:47:03 [I] 当前时间:1584013623,重试时间:1584013572。未收到握手包应答
2020-03-12 11:47:03 [I] 101
2020-03-12 11:47:54 [I] 当前时间:1584013674,重试时间:1584013623。未收到握手包应答
2020-03-12 11:47:54 [I] 101
2020-03-12 11:48:45 [I] 当前时间:1584013725,重试时间:1584013674。未收到握手包应答
2020-03-12 11:48:45 [I] 101
2020-03-12 11:49:36 [I] 当前时间:1584013776,重试时间:1584013725。未收到握手包应答
2020-03-12 11:49:36 [I] 101
2020-03-12 11:50:27 [I] 当前时间:1584013827,重试时间:1584013776。未收到握手包应答
2020-03-12 11:50:27 [I] 101
2020-03-12 11:51:18 [I] 当前时间:1584013878,重试时间:1584013827。未收到握手包应答
2020-03-12 11:51:18 [I] 101
2020-03-12 11:52:09 [I] 当前时间:1584013929,重试时间:1584013878。未收到握手包应答
2020-03-12 11:52:09 [I] 101
2020-03-12 11:53:00 [I] 当前时间:1584013980,重试时间:1584013929。未收到握手包应答
2020-03-12 11:53:00 [I] 101
2020-03-12 11:53:51 [I] 当前时间:1584014031,重试时间:1584013980。未收到握手包应答
2020-03-12 11:53:51 [I] 101
2020-03-12 11:54:42 [I] 当前时间:1584014082,重试时间:1584014031。未收到握手包应答
2020-03-12 11:54:42 [I] 101
2020-03-12 11:55:33 [I] 当前时间:1584014133,重试时间:1584014082。未收到握手包应答
2020-03-12 11:55:33 [I] 101
2020-03-12 11:56:24 [I] 当前时间:1584014184,重试时间:1584014133。未收到握手包应答
2020-03-12 11:56:24 [I] 101
2020-03-12 11:57:15 [I] 当前时间:1584014235,重试时间:1584014184。未收到握手包应答
2020-03-12 11:57:15 [I] 101
2020-03-12 11:58:06 [I] 当前时间:1584014286,重试时间:1584014235。未收到握手包应答
2020-03-12 11:58:06 [I] 101
2020-03-12 11:58:57 [I] 当前时间:1584014337,重试时间:1584014286。未收到握手包应答
2020-03-12 11:58:57 [I] 101
2020-03-12 11:59:48 [I] 当前时间:1584014388,重试时间:1584014337。未收到握手包应答
2020-03-12 11:59:48 [I] 101
2020-03-12 12:00:39 [I] 当前时间:1584014439,重试时间:1584014388。未收到握手包应答
2020-03-12 12:00:39 [I] 101
2020-03-12 12:01:30 [I] 当前时间:1584014490,重试时间:1584014439。未收到握手包应答
2020-03-12 12:01:30 [I] 101
2020-03-12 12:02:21 [I] 当前时间:1584014541,重试时间:1584014490。未收到握手包应答
2020-03-12 12:02:21 [I] 101
2020-03-12 12:03:12 [I] 当前时间:1584014592,重试时间:1584014541。未收到握手包应答
2020-03-12 12:03:12 [I] 101
2020-03-12 12:04:03 [I] 当前时间:1584014643,重试时间:1584014592。未收到握手包应答
2020-03-12 12:04:03 [I] 101
2020-03-12 12:04:54 [I] 当前时间:1584014694,重试时间:1584014643。未收到握手包应答
2020-03-12 12:04:54 [I] 101
2020-03-12 12:05:45 [I] 当前时间:1584014745,重试时间:1584014694。未收到握手包应答
2020-03-12 12:05:45 [I] 101
2020-03-12 12:06:36 [I] 当前时间:1584014796,重试时间:1584014745。未收到握手包应答
2020-03-12 12:06:36 [I] 101
2020-03-12 12:07:27 [I] 当前时间:1584014847,重试时间:1584014796。未收到握手包应答
2020-03-12 12:07:27 [I] 101
2020-03-12 12:08:18 [I] 当前时间:1584014898,重试时间:1584014847。未收到握手包应答
2020-03-12 12:08:18 [I] 101
2020-03-12 12:09:09 [I] 当前时间:1584014949,重试时间:1584014898。未收到握手包应答
2020-03-12 12:09:09 [I] 101
2020-03-12 12:10:00 [I] 当前时间:1584015000,重试时间:1584014949。未收到握手包应答
2020-03-12 12:10:00 [I] 101
2020-03-12 12:10:51 [I] 当前时间:1584015051,重试时间:1584015000。未收到握手包应答
2020-03-12 12:10:51 [I] 101
2020-03-12 12:11:42 [I] 当前时间:1584015102,重试时间:1584015051。未收到握手包应答
2020-03-12 12:11:42 [I] 101
2020-03-12 12:12:33 [I] 当前时间:1584015153,重试时间:1584015102。未收到握手包应答
2020-03-12 12:12:33 [I] 101
2020-03-12 12:13:24 [I] 当前时间:1584015204,重试时间:1584015153。未收到握手包应答
2020-03-12 12:13:24 [I] 101
2020-03-12 12:14:15 [I] 当前时间:1584015255,重试时间:1584015204。未收到握手包应答
2020-03-12 12:14:15 [I] 101
2020-03-12 12:15:06 [I] 当前时间:1584015306,重试时间:1584015255。未收到握手包应答
2020-03-12 12:15:06 [I] 101
2020-03-12 12:15:57 [I] 当前时间:1584015357,重试时间:1584015306。未收到握手包应答
2020-03-12 12:15:57 [I] 101
2020-03-12 12:16:48 [I] 当前时间:1584015408,重试时间:1584015357。未收到握手包应答
2020-03-12 12:16:48 [I] 101
2020-03-12 12:17:39 [I] 当前时间:1584015459,重试时间:1584015408。未收到握手包应答
2020-03-12 12:17:39 [I] 101
2020-03-12 12:18:30 [I] 当前时间:1584015510,重试时间:1584015459。未收到握手包应答
2020-03-12 12:18:30 [I] 101
2020-03-12 12:19:21 [I] 当前时间:1584015561,重试时间:1584015510。未收到握手包应答
2020-03-12 12:19:21 [I] 101
2020-03-12 12:20:12 [I] 当前时间:1584015612,重试时间:1584015561。未收到握手包应答
2020-03-12 12:20:12 [I] 101
2020-03-12 12:21:03 [I] 当前时间:1584015663,重试时间:1584015612。未收到握手包应答
2020-03-12 12:21:03 [I] 101
2020-03-12 12:21:54 [I] 当前时间:1584015714,重试时间:1584015663。未收到握手包应答
2020-03-12 12:21:54 [I] 101
2020-03-12 12:22:45 [I] 当前时间:1584015765,重试时间:1584015714。未收到握手包应答
2020-03-12 12:22:45 [I] 101
2020-03-12 12:23:36 [I] 当前时间:1584015816,重试时间:1584015765。未收到握手包应答
2020-03-12 12:23:36 [I] 101
2020-03-12 12:24:27 [I] 当前时间:1584015867,重试时间:1584015816。未收到握手包应答
2020-03-12 12:24:27 [I] 101
2020-03-12 12:25:18 [I] 当前时间:1584015918,重试时间:1584015867。未收到握手包应答
2020-03-12 12:25:18 [I] 101
2020-03-12 12:26:09 [I] 当前时间:1584015969,重试时间:1584015918。未收到握手包应答
2020-03-12 12:26:09 [I] 101
2020-03-12 12:27:00 [I] 当前时间:1584016020,重试时间:1584015969。未收到握手包应答
2020-03-12 12:27:00 [I] 101
2020-03-12 12:27:51 [I] 当前时间:1584016071,重试时间:1584016020。未收到握手包应答
2020-03-12 12:27:51 [I] 101
2020-03-12 12:28:42 [I] 当前时间:1584016122,重试时间:1584016071。未收到握手包应答
2020-03-12 12:28:42 [I] 101
2020-03-12 12:29:33 [I] 当前时间:1584016173,重试时间:1584016122。未收到握手包应答
2020-03-12 12:29:33 [I] 101
2020-03-12 12:30:24 [I] 当前时间:1584016224,重试时间:1584016173。未收到握手包应答
2020-03-12 12:30:24 [I] 101
2020-03-12 12:31:15 [I] 当前时间:1584016275,重试时间:1584016224。未收到握手包应答
2020-03-12 12:31:15 [I] 101
2020-03-12 12:32:06 [I] 当前时间:1584016326,重试时间:1584016275。未收到握手包应答
2020-03-12 12:32:06 [I] 101
2020-03-12 12:32:57 [I] 当前时间:1584016377,重试时间:1584016326。未收到握手包应答
2020-03-12 12:32:57 [I] 101
2020-03-12 12:33:48 [I] 当前时间:1584016428,重试时间:1584016377。未收到握手包应答
2020-03-12 12:33:48 [I] 101
2020-03-12 12:34:39 [I] 当前时间:1584016479,重试时间:1584016428。未收到握手包应答
2020-03-12 12:34:39 [I] 101
2020-03-12 12:35:30 [I] 当前时间:1584016530,重试时间:1584016479。未收到握手包应答
2020-03-12 12:35:30 [I] 101
2020-03-12 12:36:21 [I] 当前时间:1584016581,重试时间:1584016530。未收到握手包应答
2020-03-12 12:36:21 [I] 101
2020-03-12 12:37:12 [I] 当前时间:1584016632,重试时间:1584016581。未收到握手包应答
2020-03-12 12:37:12 [I] 101
2020-03-12 12:38:03 [I] 当前时间:1584016683,重试时间:1584016632。未收到握手包应答
2020-03-12 12:38:03 [I] 101
2020-03-12 12:38:54 [I] 当前时间:1584016734,重试时间:1584016683。未收到握手包应答
2020-03-12 12:38:54 [I] 101
2020-03-12 12:39:45 [I] 当前时间:1584016785,重试时间:1584016734。未收到握手包应答
2020-03-12 12:39:45 [I] 101
2020-03-12 12:40:36 [I] 当前时间:1584016836,重试时间:1584016785。未收到握手包应答
2020-03-12 12:40:36 [I] 101
2020-03-12 12:41:27 [I] 当前时间:1584016887,重试时间:1584016836。未收到握手包应答
2020-03-12 12:41:27 [I] 101
2020-03-12 12:42:18 [I] 当前时间:1584016938,重试时间:1584016887。未收到握手包应答
2020-03-12 12:42:18 [I] 101
2020-03-12 12:43:09 [I] 当前时间:1584016989,重试时间:1584016938。未收到握手包应答
2020-03-12 12:43:09 [I] 101
2020-03-12 12:44:00 [I] 当前时间:1584017040,重试时间:1584016989。未收到握手包应答
2020-03-12 12:44:00 [I] 101
2020-03-12 12:44:51 [I] 当前时间:1584017091,重试时间:1584017040。未收到握手包应答
2020-03-12 12:44:51 [I] 101
2020-03-12 12:45:42 [I] 当前时间:1584017142,重试时间:1584017091。未收到握手包应答
2020-03-12 12:45:42 [I] 101
2020-03-12 12:46:33 [I] 当前时间:1584017193,重试时间:1584017142。未收到握手包应答
2020-03-12 12:46:33 [I] 101
2020-03-12 12:47:24 [I] 当前时间:1584017244,重试时间:1584017193。未收到握手包应答
2020-03-12 12:47:24 [I] 101
2020-03-12 12:48:15 [I] 当前时间:1584017295,重试时间:1584017244。未收到握手包应答
2020-03-12 12:48:15 [I] 101
2020-03-12 12:49:06 [I] 当前时间:1584017346,重试时间:1584017295。未收到握手包应答
2020-03-12 12:49:06 [I] 101
2020-03-12 12:49:57 [I] 当前时间:1584017397,重试时间:1584017346。未收到握手包应答
2020-03-12 12:49:57 [I] 101
2020-03-12 12:50:48 [I] 当前时间:1584017448,重试时间:1584017397。未收到握手包应答
2020-03-12 12:50:48 [I] 101
2020-03-12 12:51:39 [I] 当前时间:1584017499,重试时间:1584017448。未收到握手包应答
2020-03-12 12:51:39 [I] 101
2020-03-12 12:52:30 [I] 当前时间:1584017550,重试时间:1584017499。未收到握手包应答
2020-03-12 12:52:30 [I] 101
2020-03-12 12:53:21 [I] 当前时间:1584017601,重试时间:1584017550。未收到握手包应答
2020-03-12 12:53:21 [I] 101
2020-03-12 12:54:12 [I] 当前时间:1584017652,重试时间:1584017601。未收到握手包应答
2020-03-12 12:54:12 [I] 101
2020-03-12 12:55:03 [I] 当前时间:1584017703,重试时间:1584017652。未收到握手包应答
2020-03-12 12:55:03 [I] 101
2020-03-12 12:55:54 [I] 当前时间:1584017754,重试时间:1584017703。未收到握手包应答
2020-03-12 12:55:54 [I] 101
2020-03-12 12:56:45 [I] 当前时间:1584017805,重试时间:1584017754。未收到握手包应答
2020-03-12 12:56:45 [I] 101
2020-03-12 12:57:36 [I] 当前时间:1584017856,重试时间:1584017805。未收到握手包应答
2020-03-12 12:57:36 [I] 101
2020-03-12 12:58:27 [I] 当前时间:1584017907,重试时间:1584017856。未收到握手包应答
2020-03-12 12:58:27 [I] 101
2020-03-12 12:59:18 [I] 当前时间:1584017958,重试时间:1584017907。未收到握手包应答
2020-03-12 12:59:18 [I] 101
2020-03-12 13:00:09 [I] 当前时间:1584018009,重试时间:1584017958。未收到握手包应答
2020-03-12 13:00:09 [I] 101
2020-03-12 13:01:00 [I] 当前时间:1584018060,重试时间:1584018009。未收到握手包应答
2020-03-12 13:01:00 [I] 101
2020-03-12 13:01:51 [I] 当前时间:1584018111,重试时间:1584018060。未收到握手包应答
2020-03-12 13:01:51 [I] 101
2020-03-12 13:02:42 [I] 当前时间:1584018162,重试时间:1584018111。未收到握手包应答
2020-03-12 13:02:42 [I] 101
2020-03-12 13:03:33 [I] 当前时间:1584018213,重试时间:1584018162。未收到握手包应答
2020-03-12 13:03:33 [I] 101
2020-03-12 13:04:24 [I] 当前时间:1584018264,重试时间:1584018213。未收到握手包应答
2020-03-12 13:04:24 [I] 101
2020-03-12 13:05:15 [I] 当前时间:1584018315,重试时间:1584018264。未收到握手包应答
2020-03-12 13:05:15 [I] 101
2020-03-12 13:06:06 [I] 当前时间:1584018366,重试时间:1584018315。未收到握手包应答
2020-03-12 13:06:06 [I] 101
2020-03-12 13:06:57 [I] 当前时间:1584018417,重试时间:1584018366。未收到握手包应答
2020-03-12 13:06:57 [I] 101
2020-03-12 13:07:48 [I] 当前时间:1584018468,重试时间:1584018417。未收到握手包应答
2020-03-12 13:07:48 [I] 101
2020-03-12 13:08:39 [I] 当前时间:1584018519,重试时间:1584018468。未收到握手包应答
2020-03-12 13:08:39 [I] 101
2020-03-12 13:09:30 [I] 当前时间:1584018570,重试时间:1584018519。未收到握手包应答
2020-03-12 13:09:30 [I] 101
2020-03-12 13:10:21 [I] 当前时间:1584018621,重试时间:1584018570。未收到握手包应答
2020-03-12 13:10:21 [I] 101
2020-03-12 13:11:12 [I] 当前时间:1584018672,重试时间:1584018621。未收到握手包应答
2020-03-12 13:11:12 [I] 101
2020-03-12 13:12:03 [I] 当前时间:1584018723,重试时间:1584018672。未收到握手包应答
2020-03-12 13:12:03 [I] 101
2020-03-12 13:12:54 [I] 当前时间:1584018774,重试时间:1584018723。未收到握手包应答
2020-03-12 13:12:54 [I] 101
2020-03-12 13:13:45 [I] 当前时间:1584018825,重试时间:1584018774。未收到握手包应答
2020-03-12 13:13:45 [I] 101
2020-03-12 13:14:36 [I] 当前时间:1584018876,重试时间:1584018825。未收到握手包应答
2020-03-12 13:14:36 [I] 101
2020-03-12 13:15:27 [I] 当前时间:1584018927,重试时间:1584018876。未收到握手包应答
2020-03-12 13:15:27 [I] 101
2020-03-12 13:16:18 [I] 当前时间:1584018978,重试时间:1584018927。未收到握手包应答
2020-03-12 13:16:18 [I] 101
2020-03-12 13:17:09 [I] 当前时间:1584019029,重试时间:1584018978。未收到握手包应答
2020-03-12 13:17:09 [I] 101
2020-03-12 13:18:00 [I] 当前时间:1584019080,重试时间:1584019029。未收到握手包应答
2020-03-12 13:18:00 [I] 101
2020-03-12 13:18:51 [I] 当前时间:1584019131,重试时间:1584019080。未收到握手包应答
2020-03-12 13:18:51 [I] 101
2020-03-12 13:19:42 [I] 当前时间:1584019182,重试时间:1584019131。未收到握手包应答
2020-03-12 13:19:42 [I] 101
2020-03-12 13:20:33 [I] 当前时间:1584019233,重试时间:1584019182。未收到握手包应答
2020-03-12 13:20:33 [I] 101
2020-03-12 13:21:24 [I] 当前时间:1584019284,重试时间:1584019233。未收到握手包应答
2020-03-12 13:21:24 [I] 101
2020-03-12 13:22:15 [I] 当前时间:1584019335,重试时间:1584019284。未收到握手包应答
2020-03-12 13:22:15 [I] 101
2020-03-12 13:23:06 [I] 当前时间:1584019386,重试时间:1584019335。未收到握手包应答
2020-03-12 13:23:06 [I] 101
2020-03-12 13:23:57 [I] 当前时间:1584019437,重试时间:1584019386。未收到握手包应答
2020-03-12 13:23:57 [I] 101
2020-03-12 13:24:48 [I] 当前时间:1584019488,重试时间:1584019437。未收到握手包应答
2020-03-12 13:24:48 [I] 101
2020-03-12 13:25:39 [I] 当前时间:1584019539,重试时间:1584019488。未收到握手包应答
2020-03-12 13:25:39 [I] 101
2020-03-12 13:26:30 [I] 当前时间:1584019590,重试时间:1584019539。未收到握手包应答
2020-03-12 13:26:30 [I] 101
2020-03-12 13:27:21 [I] 当前时间:1584019641,重试时间:1584019590。未收到握手包应答
2020-03-12 13:27:21 [I] 101
2020-03-12 13:28:12 [I] 当前时间:1584019692,重试时间:1584019641。未收到握手包应答
2020-03-12 13:28:12 [I] 101
2020-03-12 13:29:03 [I] 当前时间:1584019743,重试时间:1584019692。未收到握手包应答
2020-03-12 13:29:03 [I] 101
2020-03-12 13:29:54 [I] 当前时间:1584019794,重试时间:1584019743。未收到握手包应答
2020-03-12 13:29:54 [I] 101
2020-03-12 13:30:45 [I] 当前时间:1584019845,重试时间:1584019794。未收到握手包应答
2020-03-12 13:30:45 [I] 101
2020-03-12 13:31:36 [I] 当前时间:1584019896,重试时间:1584019845。未收到握手包应答
2020-03-12 13:31:36 [I] 101
2020-03-12 13:32:27 [I] 当前时间:1584019947,重试时间:1584019896。未收到握手包应答
2020-03-12 13:32:27 [I] 101
2020-03-12 13:33:18 [I] 当前时间:1584019998,重试时间:1584019947。未收到握手包应答
2020-03-12 13:33:18 [I] 101
2020-03-12 13:34:09 [I] 当前时间:1584020049,重试时间:1584019998。未收到握手包应答
2020-03-12 13:34:09 [I] 101
2020-03-12 13:35:00 [I] 当前时间:1584020100,重试时间:1584020049。未收到握手包应答
2020-03-12 13:35:00 [I] 101
2020-03-12 13:35:51 [I] 当前时间:1584020151,重试时间:1584020100。未收到握手包应答
2020-03-12 13:35:51 [I] 101
2020-03-12 13:36:42 [I] 当前时间:1584020202,重试时间:1584020151。未收到握手包应答
2020-03-12 13:36:42 [I] 101
2020-03-12 13:37:33 [I] 当前时间:1584020253,重试时间:1584020202。未收到握手包应答
2020-03-12 13:37:33 [I] 101
2020-03-12 13:38:24 [I] 当前时间:1584020304,重试时间:1584020253。未收到握手包应答
2020-03-12 13:38:24 [I] 101
2020-03-12 13:39:15 [I] 当前时间:1584020355,重试时间:1584020304。未收到握手包应答
2020-03-12 13:39:15 [I] 101
2020-03-12 13:40:06 [I] 当前时间:1584020406,重试时间:1584020355。未收到握手包应答
2020-03-12 13:40:06 [I] 101
2020-03-12 13:40:57 [I] 当前时间:1584020457,重试时间:1584020406。未收到握手包应答
2020-03-12 13:40:57 [I] 101
2020-03-12 13:41:48 [I] 当前时间:1584020508,重试时间:1584020457。未收到握手包应答
2020-03-12 13:41:48 [I] 101
2020-03-12 13:42:39 [I] 当前时间:1584020559,重试时间:1584020508。未收到握手包应答
2020-03-12 13:42:39 [I] 101
2020-03-12 13:43:30 [I] 当前时间:1584020610,重试时间:1584020559。未收到握手包应答
2020-03-12 13:43:30 [I] 101
2020-03-12 13:44:21 [I] 当前时间:1584020661,重试时间:1584020610。未收到握手包应答
2020-03-12 13:44:21 [I] 101
2020-03-12 13:45:12 [I] 当前时间:1584020712,重试时间:1584020661。未收到握手包应答
2020-03-12 13:45:12 [I] 101
2020-03-12 13:46:03 [I] 当前时间:1584020763,重试时间:1584020712。未收到握手包应答
2020-03-12 13:46:03 [I] 101
2020-03-12 13:46:54 [I] 当前时间:1584020814,重试时间:1584020763。未收到握手包应答
2020-03-12 13:46:54 [I] 101
2020-03-12 13:47:45 [I] 当前时间:1584020865,重试时间:1584020814。未收到握手包应答
2020-03-12 13:47:45 [I] 101
2020-03-12 13:48:36 [I] 当前时间:1584020916,重试时间:1584020865。未收到握手包应答
2020-03-12 13:48:36 [I] 101
2020-03-12 13:49:27 [I] 当前时间:1584020967,重试时间:1584020916。未收到握手包应答
2020-03-12 13:49:27 [I] 101
2020-03-12 13:50:18 [I] 当前时间:1584021018,重试时间:1584020967。未收到握手包应答
2020-03-12 13:50:18 [I] 101
2020-03-12 13:51:09 [I] 当前时间:1584021069,重试时间:1584021018。未收到握手包应答
2020-03-12 13:51:09 [I] 101
2020-03-12 13:52:00 [I] 当前时间:1584021120,重试时间:1584021069。未收到握手包应答
2020-03-12 13:52:00 [I] 101
2020-03-12 13:52:51 [I] 当前时间:1584021171,重试时间:1584021120。未收到握手包应答
2020-03-12 13:52:51 [I] 101
2020-03-12 13:53:42 [I] 当前时间:1584021222,重试时间:1584021171。未收到握手包应答
2020-03-12 13:53:42 [I] 101
2020-03-12 13:54:33 [I] 当前时间:1584021273,重试时间:1584021222。未收到握手包应答
2020-03-12 13:54:33 [I] 101
2020-03-12 13:55:24 [I] 当前时间:1584021324,重试时间:1584021273。未收到握手包应答
2020-03-12 13:55:24 [I] 101
2020-03-12 13:56:15 [I] 当前时间:1584021375,重试时间:1584021324。未收到握手包应答
2020-03-12 13:56:15 [I] 101
2020-03-12 13:57:06 [I] 当前时间:1584021426,重试时间:1584021375。未收到握手包应答
2020-03-12 13:57:06 [I] 101
2020-03-12 13:57:57 [I] 当前时间:1584021477,重试时间:1584021426。未收到握手包应答
2020-03-12 13:57:57 [I] 101
2020-03-12 13:58:48 [I] 当前时间:1584021528,重试时间:1584021477。未收到握手包应答
2020-03-12 13:58:48 [I] 101
2020-03-12 13:59:39 [I] 当前时间:1584021579,重试时间:1584021528。未收到握手包应答
2020-03-12 13:59:39 [I] 101
2020-03-12 14:00:30 [I] 当前时间:1584021630,重试时间:1584021579。未收到握手包应答
2020-03-12 14:00:30 [I] 101
2020-03-12 14:01:21 [I] 当前时间:1584021681,重试时间:1584021630。未收到握手包应答
2020-03-12 14:01:21 [I] 101
2020-03-12 14:02:12 [I] 当前时间:1584021732,重试时间:1584021681。未收到握手包应答
2020-03-12 14:02:12 [I] 101
2020-03-12 14:03:03 [I] 当前时间:1584021783,重试时间:1584021732。未收到握手包应答
2020-03-12 14:03:03 [I] 101
2020-03-12 14:03:54 [I] 当前时间:1584021834,重试时间:1584021783。未收到握手包应答
2020-03-12 14:03:54 [I] 101
2020-03-12 14:04:45 [I] 当前时间:1584021885,重试时间:1584021834。未收到握手包应答
2020-03-12 14:04:45 [I] 101
2020-03-12 14:05:36 [I] 当前时间:1584021936,重试时间:1584021885。未收到握手包应答
2020-03-12 14:05:36 [I] 101
2020-03-12 14:06:27 [I] 当前时间:1584021987,重试时间:1584021936。未收到握手包应答
2020-03-12 14:06:27 [I] 101
2020-03-12 14:07:18 [I] 当前时间:1584022038,重试时间:1584021987。未收到握手包应答
2020-03-12 14:07:18 [I] 101
2020-03-12 14:08:09 [I] 当前时间:1584022089,重试时间:1584022038。未收到握手包应答
2020-03-12 14:08:09 [I] 101
2020-03-12 14:09:00 [I] 当前时间:1584022140,重试时间:1584022089。未收到握手包应答
2020-03-12 14:09:00 [I] 101
2020-03-12 14:09:51 [I] 当前时间:1584022191,重试时间:1584022140。未收到握手包应答
2020-03-12 14:09:51 [I] 101
2020-03-12 14:10:42 [I] 当前时间:1584022242,重试时间:1584022191。未收到握手包应答
2020-03-12 14:10:42 [I] 101
2020-03-12 14:11:33 [I] 当前时间:1584022293,重试时间:1584022242。未收到握手包应答
2020-03-12 14:11:33 [I] 101
2020-03-12 14:12:24 [I] 当前时间:1584022344,重试时间:1584022293。未收到握手包应答
2020-03-12 14:12:24 [I] 101
2020-03-12 14:13:15 [I] 当前时间:1584022395,重试时间:1584022344。未收到握手包应答
2020-03-12 14:13:15 [I] 101
2020-03-12 14:14:06 [I] 当前时间:1584022446,重试时间:1584022395。未收到握手包应答
2020-03-12 14:14:06 [I] 101
2020-03-12 14:14:57 [I] 当前时间:1584022497,重试时间:1584022446。未收到握手包应答
2020-03-12 14:14:57 [I] 101
2020-03-12 14:15:48 [I] 当前时间:1584022548,重试时间:1584022497。未收到握手包应答
2020-03-12 14:15:48 [I] 101
2020-03-12 14:16:39 [I] 当前时间:1584022599,重试时间:1584022548。未收到握手包应答
2020-03-12 14:16:39 [I] 101
2020-03-12 14:17:30 [I] 当前时间:1584022650,重试时间:1584022599。未收到握手包应答
2020-03-12 14:17:30 [I] 101
2020-03-12 14:18:21 [I] 当前时间:1584022701,重试时间:1584022650。未收到握手包应答
2020-03-12 14:18:21 [I] 101
2020-03-12 14:19:12 [I] 当前时间:1584022752,重试时间:1584022701。未收到握手包应答
2020-03-12 14:19:12 [I] 101
2020-03-12 14:20:03 [I] 当前时间:1584022803,重试时间:1584022752。未收到握手包应答
2020-03-12 14:20:03 [I] 101
2020-03-12 14:20:54 [I] 当前时间:1584022854,重试时间:1584022803。未收到握手包应答
2020-03-12 14:20:54 [I] 101
2020-03-12 14:21:45 [I] 当前时间:1584022905,重试时间:1584022854。未收到握手包应答
2020-03-12 14:21:45 [I] 101
2020-03-12 14:22:36 [I] 当前时间:1584022956,重试时间:1584022905。未收到握手包应答
2020-03-12 14:22:36 [I] 101
2020-03-12 14:23:27 [I] 当前时间:1584023007,重试时间:1584022956。未收到握手包应答
2020-03-12 14:23:27 [I] 101
2020-03-12 14:24:18 [I] 当前时间:1584023058,重试时间:1584023007。未收到握手包应答
2020-03-12 14:24:18 [I] 101
2020-03-12 14:25:09 [I] 当前时间:1584023109,重试时间:1584023058。未收到握手包应答
2020-03-12 14:25:09 [I] 101
2020-03-12 14:26:00 [I] 当前时间:1584023160,重试时间:1584023109。未收到握手包应答
2020-03-12 14:26:00 [I] 101
2020-03-12 14:26:51 [I] 当前时间:1584023211,重试时间:1584023160。未收到握手包应答
2020-03-12 14:26:51 [I] 101
2020-03-12 14:27:42 [I] 当前时间:1584023262,重试时间:1584023211。未收到握手包应答
2020-03-12 14:27:42 [I] 101
2020-03-12 14:28:33 [I] 当前时间:1584023313,重试时间:1584023262。未收到握手包应答
2020-03-12 14:28:33 [I] 101
2020-03-12 14:29:24 [I] 当前时间:1584023364,重试时间:1584023313。未收到握手包应答
2020-03-12 14:29:24 [I] 101
2020-03-12 14:30:15 [I] 当前时间:1584023415,重试时间:1584023364。未收到握手包应答
2020-03-12 14:30:15 [I] 101
2020-03-12 14:31:06 [I] 当前时间:1584023466,重试时间:1584023415。未收到握手包应答
2020-03-12 14:31:06 [I] 101
2020-03-12 14:31:57 [I] 当前时间:1584023517,重试时间:1584023466。未收到握手包应答
2020-03-12 14:31:57 [I] 101
2020-03-12 14:32:48 [I] 当前时间:1584023568,重试时间:1584023517。未收到握手包应答
2020-03-12 14:32:48 [I] 101
2020-03-12 14:33:39 [I] 当前时间:1584023619,重试时间:1584023568。未收到握手包应答
2020-03-12 14:33:39 [I] 101
2020-03-12 14:34:30 [I] 当前时间:1584023670,重试时间:1584023619。未收到握手包应答
2020-03-12 14:34:30 [I] 101
2020-03-12 14:35:21 [I] 当前时间:1584023721,重试时间:1584023670。未收到握手包应答
2020-03-12 14:35:21 [I] 101
2020-03-12 14:36:12 [I] 当前时间:1584023772,重试时间:1584023721。未收到握手包应答
2020-03-12 14:36:12 [I] 101
2020-03-12 14:37:03 [I] 当前时间:1584023823,重试时间:1584023772。未收到握手包应答
2020-03-12 14:37:03 [I] 101
2020-03-12 14:37:54 [I] 当前时间:1584023874,重试时间:1584023823。未收到握手包应答
2020-03-12 14:37:54 [I] 101
2020-03-12 14:38:45 [I] 当前时间:1584023925,重试时间:1584023874。未收到握手包应答
2020-03-12 14:38:45 [I] 101
2020-03-12 14:39:36 [I] 当前时间:1584023976,重试时间:1584023925。未收到握手包应答
2020-03-12 14:39:36 [I] 101
2020-03-12 14:40:27 [I] 当前时间:1584024027,重试时间:1584023976。未收到握手包应答
2020-03-12 14:40:27 [I] 101
2020-03-12 14:41:18 [I] 当前时间:1584024078,重试时间:1584024027。未收到握手包应答
2020-03-12 14:41:18 [I] 101
2020-03-12 14:42:09 [I] 当前时间:1584024129,重试时间:1584024078。未收到握手包应答
2020-03-12 14:42:09 [I] 101
2020-03-12 14:43:00 [I] 当前时间:1584024180,重试时间:1584024129。未收到握手包应答
2020-03-12 14:43:00 [I] 101
2020-03-12 14:43:51 [I] 当前时间:1584024231,重试时间:1584024180。未收到握手包应答
2020-03-12 14:43:51 [I] 101
2020-03-12 14:44:42 [I] 当前时间:1584024282,重试时间:1584024231。未收到握手包应答
2020-03-12 14:44:42 [I] 101
2020-03-12 14:45:33 [I] 当前时间:1584024333,重试时间:1584024282。未收到握手包应答
2020-03-12 14:45:33 [I] 101
2020-03-12 14:46:24 [I] 当前时间:1584024384,重试时间:1584024333。未收到握手包应答
2020-03-12 14:46:24 [I] 101
2020-03-12 14:47:15 [I] 当前时间:1584024435,重试时间:1584024384。未收到握手包应答
2020-03-12 14:47:15 [I] 101
2020-03-12 14:48:06 [I] 当前时间:1584024486,重试时间:1584024435。未收到握手包应答
2020-03-12 14:48:06 [I] 101
2020-03-12 14:48:57 [I] 当前时间:1584024537,重试时间:1584024486。未收到握手包应答
2020-03-12 14:48:57 [I] 101
2020-03-12 14:49:48 [I] 当前时间:1584024588,重试时间:1584024537。未收到握手包应答
2020-03-12 14:49:48 [I] 101
2020-03-12 14:50:39 [I] 当前时间:1584024639,重试时间:1584024588。未收到握手包应答
2020-03-12 14:50:39 [I] 101
2020-03-12 14:51:30 [I] 当前时间:1584024690,重试时间:1584024639。未收到握手包应答
2020-03-12 14:51:30 [I] 101
2020-03-12 14:52:21 [I] 当前时间:1584024741,重试时间:1584024690。未收到握手包应答
2020-03-12 14:52:21 [I] 101
2020-03-12 14:53:12 [I] 当前时间:1584024792,重试时间:1584024741。未收到握手包应答
2020-03-12 14:53:12 [I] 101
2020-03-12 14:54:03 [I] 当前时间:1584024843,重试时间:1584024792。未收到握手包应答
2020-03-12 14:54:03 [I] 101
2020-03-12 14:54:54 [I] 当前时间:1584024894,重试时间:1584024843。未收到握手包应答
2020-03-12 14:54:54 [I] 101
2020-03-12 14:55:45 [I] 当前时间:1584024945,重试时间:1584024894。未收到握手包应答
2020-03-12 14:55:45 [I] 101
2020-03-12 14:56:36 [I] 当前时间:1584024996,重试时间:1584024945。未收到握手包应答
2020-03-12 14:56:36 [I] 101
2020-03-12 14:57:27 [I] 当前时间:1584025047,重试时间:1584024996。未收到握手包应答
2020-03-12 14:57:27 [I] 101
2020-03-12 14:58:18 [I] 当前时间:1584025098,重试时间:1584025047。未收到握手包应答
2020-03-12 14:58:18 [I] 101
2020-03-12 14:59:09 [I] 当前时间:1584025149,重试时间:1584025098。未收到握手包应答
2020-03-12 14:59:09 [I] 101
2020-03-12 15:00:00 [I] 当前时间:1584025200,重试时间:1584025149。未收到握手包应答
2020-03-12 15:00:00 [I] 101
2020-03-12 15:00:51 [I] 当前时间:1584025251,重试时间:1584025200。未收到握手包应答
2020-03-12 15:00:51 [I] 101
2020-03-12 15:01:42 [I] 当前时间:1584025302,重试时间:1584025251。未收到握手包应答
2020-03-12 15:01:42 [I] 101
2020-03-12 15:02:33 [I] 当前时间:1584025353,重试时间:1584025302。未收到握手包应答
2020-03-12 15:02:33 [I] 101
2020-03-12 15:03:24 [I] 当前时间:1584025404,重试时间:1584025353。未收到握手包应答
2020-03-12 15:03:24 [I] 101
2020-03-12 15:04:15 [I] 当前时间:1584025455,重试时间:1584025404。未收到握手包应答
2020-03-12 15:04:15 [I] 101
2020-03-12 15:05:06 [I] 当前时间:1584025506,重试时间:1584025455。未收到握手包应答
2020-03-12 15:05:06 [I] 101
2020-03-12 15:05:57 [I] 当前时间:1584025557,重试时间:1584025506。未收到握手包应答
2020-03-12 15:05:57 [I] 101
2020-03-12 15:06:48 [I] 当前时间:1584025608,重试时间:1584025557。未收到握手包应答
2020-03-12 15:06:48 [I] 101
2020-03-12 15:07:39 [I] 当前时间:1584025659,重试时间:1584025608。未收到握手包应答
2020-03-12 15:07:39 [I] 101
2020-03-12 15:08:30 [I] 当前时间:1584025710,重试时间:1584025659。未收到握手包应答
2020-03-12 15:08:30 [I] 101
2020-03-12 15:09:21 [I] 当前时间:1584025761,重试时间:1584025710。未收到握手包应答
2020-03-12 15:09:21 [I] 101
2020-03-12 15:10:12 [I] 当前时间:1584025812,重试时间:1584025761。未收到握手包应答
2020-03-12 15:10:12 [I] 101
2020-03-12 15:11:03 [I] 当前时间:1584025863,重试时间:1584025812。未收到握手包应答
2020-03-12 15:11:03 [I] 101
2020-03-12 15:11:54 [I] 当前时间:1584025914,重试时间:1584025863。未收到握手包应答
2020-03-12 15:11:54 [I] 101
2020-03-12 15:12:45 [I] 当前时间:1584025965,重试时间:1584025914。未收到握手包应答
2020-03-12 15:12:45 [I] 101
2020-03-12 15:13:36 [I] 当前时间:1584026016,重试时间:1584025965。未收到握手包应答
2020-03-12 15:13:36 [I] 101
2020-03-12 15:25:19 [I] 当前时间:1584026719,重试时间:1584026016。未收到握手包应答
2020-03-12 15:25:19 [I] 101
2020-03-12 15:26:10 [I] 当前时间:1584026770,重试时间:1584026719。未收到握手包应答
2020-03-12 15:26:10 [I] 101
2020-03-12 15:27:01 [I] 当前时间:1584026821,重试时间:1584026770。未收到握手包应答
2020-03-12 15:27:01 [I] 101
2020-03-12 15:27:52 [I] 当前时间:1584026872,重试时间:1584026821。未收到握手包应答
2020-03-12 15:27:52 [I] 101
2020-03-12 15:28:43 [I] 当前时间:1584026923,重试时间:1584026872。未收到握手包应答
2020-03-12 15:28:43 [I] 101
2020-03-12 15:29:34 [I] 当前时间:1584026974,重试时间:1584026923。未收到握手包应答
2020-03-12 15:29:34 [I] 101
2020-03-12 15:30:25 [I] 当前时间:1584027025,重试时间:1584026974。未收到握手包应答
2020-03-12 15:30:25 [I] 101
2020-03-12 15:31:16 [I] 当前时间:1584027076,重试时间:1584027025。未收到握手包应答
2020-03-12 15:31:16 [I] 101
2020-03-12 15:32:07 [I] 当前时间:1584027127,重试时间:1584027076。未收到握手包应答
2020-03-12 15:32:07 [I] 101
2020-03-12 15:32:58 [I] 当前时间:1584027178,重试时间:1584027127。未收到握手包应答
2020-03-12 15:32:58 [I] 101
2020-03-12 15:33:49 [I] 当前时间:1584027229,重试时间:1584027178。未收到握手包应答
2020-03-12 15:33:49 [I] 101
2020-03-12 15:34:40 [I] 当前时间:1584027280,重试时间:1584027229。未收到握手包应答
2020-03-12 15:34:40 [I] 101
2020-03-12 15:35:31 [I] 当前时间:1584027331,重试时间:1584027280。未收到握手包应答
2020-03-12 15:35:31 [I] 101
2020-03-12 15:36:22 [I] 当前时间:1584027382,重试时间:1584027331。未收到握手包应答
2020-03-12 15:36:22 [I] 101
2020-03-12 15:37:13 [I] 当前时间:1584027433,重试时间:1584027382。未收到握手包应答
2020-03-12 15:37:13 [I] 101
2020-03-12 15:38:04 [I] 当前时间:1584027484,重试时间:1584027433。未收到握手包应答
2020-03-12 15:38:04 [I] 101
2020-03-12 15:38:55 [I] 当前时间:1584027535,重试时间:1584027484。未收到握手包应答
2020-03-12 15:38:55 [I] 101
2020-03-12 15:39:46 [I] 当前时间:1584027586,重试时间:1584027535。未收到握手包应答
2020-03-12 15:39:46 [I] 101
2020-03-12 15:40:37 [I] 当前时间:1584027637,重试时间:1584027586。未收到握手包应答
2020-03-12 15:40:37 [I] 101
2020-03-12 15:41:28 [I] 当前时间:1584027688,重试时间:1584027637。未收到握手包应答
2020-03-12 15:41:28 [I] 101
2020-03-12 15:42:19 [I] 当前时间:1584027739,重试时间:1584027688。未收到握手包应答
2020-03-12 15:42:19 [I] 101
2020-03-12 15:43:10 [I] 当前时间:1584027790,重试时间:1584027739。未收到握手包应答
2020-03-12 15:43:10 [I] 101
2020-03-12 15:44:01 [I] 当前时间:1584027841,重试时间:1584027790。未收到握手包应答
2020-03-12 15:44:01 [I] 101
2020-03-12 15:44:52 [I] 当前时间:1584027892,重试时间:1584027841。未收到握手包应答
2020-03-12 15:44:52 [I] 101
2020-03-12 15:45:43 [I] 当前时间:1584027943,重试时间:1584027892。未收到握手包应答
2020-03-12 15:45:43 [I] 101
2020-03-12 15:46:34 [I] 当前时间:1584027994,重试时间:1584027943。未收到握手包应答
2020-03-12 15:46:34 [I] 101
2020-03-12 15:51:43 [I] 当前时间:1584028303,重试时间:1584027994。未收到握手包应答
2020-03-12 15:51:43 [I] 101
2020-03-12 15:52:34 [I] 当前时间:1584028354,重试时间:1584028303。未收到握手包应答
2020-03-12 15:52:34 [I] 101
2020-03-12 15:53:26 [I] 当前时间:1584028406,重试时间:1584028354。未收到握手包应答
2020-03-12 15:53:26 [I] 101
2020-03-12 19:53:44 [I] 当前时间:1584042824,重试时间:1584028406。未收到握手包应答
2020-03-12 19:53:44 [I] 101
2020-03-12 23:54:22 [I] 当前时间:1584057262,重试时间:1584042824。未收到握手包应答
2020-03-12 23:54:22 [I] 101
2020-03-13 02:18:28 [I] 当前时间:1584065908,重试时间:1584057262。未收到握手包应答
2020-03-13 02:18:28 [I] 101
2020-03-13 02:19:19 [I] 当前时间:1584065959,重试时间:1584065908。未收到握手包应答
2020-03-13 02:19:19 [I] 101
2020-03-13 02:20:10 [I] 当前时间:1584066010,重试时间:1584065959。未收到握手包应答
2020-03-13 02:20:10 [I] 101
2020-03-13 02:21:01 [I] 当前时间:1584066061,重试时间:1584066010。未收到握手包应答
2020-03-13 02:21:01 [I] 101
2020-03-13 02:21:52 [I] 当前时间:1584066112,重试时间:1584066061。未收到握手包应答
2020-03-13 02:21:52 [I] 101
2020-03-13 02:22:43 [I] 当前时间:1584066163,重试时间:1584066112。未收到握手包应答
2020-03-13 02:22:43 [I] 101
2020-03-13 02:23:34 [I] 当前时间:1584066214,重试时间:1584066163。未收到握手包应答
2020-03-13 02:23:34 [I] 101
2020-03-13 02:24:25 [I] 当前时间:1584066265,重试时间:1584066214。未收到握手包应答
2020-03-13 02:24:25 [I] 101
2020-03-13 02:25:16 [I] 当前时间:1584066316,重试时间:1584066265。未收到握手包应答
2020-03-13 02:25:16 [I] 101
2020-03-13 02:26:07 [I] 当前时间:1584066367,重试时间:1584066316。未收到握手包应答
2020-03-13 02:26:07 [I] 101
2020-03-13 02:26:58 [I] 当前时间:1584066418,重试时间:1584066367。未收到握手包应答
2020-03-13 02:26:58 [I] 101
2020-03-13 02:27:49 [I] 当前时间:1584066469,重试时间:1584066418。未收到握手包应答
2020-03-13 02:27:49 [I] 101
2020-03-13 02:28:40 [I] 当前时间:1584066520,重试时间:1584066469。未收到握手包应答
2020-03-13 02:28:40 [I] 101
2020-03-13 02:29:31 [I] 当前时间:1584066571,重试时间:1584066520。未收到握手包应答
2020-03-13 02:29:31 [I] 101
2020-03-13 02:30:22 [I] 当前时间:1584066622,重试时间:1584066571。未收到握手包应答
2020-03-13 02:30:22 [I] 101
2020-03-13 02:31:13 [I] 当前时间:1584066673,重试时间:1584066622。未收到握手包应答
2020-03-13 02:31:13 [I] 101
2020-03-13 02:32:04 [I] 当前时间:1584066724,重试时间:1584066673。未收到握手包应答
2020-03-13 02:32:04 [I] 101
2020-03-13 02:32:55 [I] 当前时间:1584066775,重试时间:1584066724。未收到握手包应答
2020-03-13 02:32:55 [I] 101
2020-03-13 02:33:46 [I] 当前时间:1584066826,重试时间:1584066775。未收到握手包应答
2020-03-13 02:33:46 [I] 101
2020-03-13 02:34:37 [I] 当前时间:1584066877,重试时间:1584066826。未收到握手包应答
2020-03-13 02:34:37 [I] 101
2020-03-13 02:35:28 [I] 当前时间:1584066928,重试时间:1584066877。未收到握手包应答
2020-03-13 02:35:28 [I] 101
2020-03-13 02:36:19 [I] 当前时间:1584066979,重试时间:1584066928。未收到握手包应答
2020-03-13 02:36:19 [I] 101
2020-03-13 02:37:10 [I] 当前时间:1584067030,重试时间:1584066979。未收到握手包应答
2020-03-13 02:37:10 [I] 101
2020-03-13 02:38:01 [I] 当前时间:1584067081,重试时间:1584067030。未收到握手包应答
2020-03-13 02:38:01 [I] 101
2020-03-13 02:38:52 [I] 当前时间:1584067132,重试时间:1584067081。未收到握手包应答
2020-03-13 02:38:52 [I] 101
2020-03-13 02:39:43 [I] 当前时间:1584067183,重试时间:1584067132。未收到握手包应答
2020-03-13 02:39:43 [I] 101
2020-03-13 02:40:34 [I] 当前时间:1584067234,重试时间:1584067183。未收到握手包应答
2020-03-13 02:40:34 [I] 101
2020-03-13 02:41:25 [I] 当前时间:1584067285,重试时间:1584067234。未收到握手包应答
2020-03-13 02:41:25 [I] 101
2020-03-13 02:42:16 [I] 当前时间:1584067336,重试时间:1584067285。未收到握手包应答
2020-03-13 02:42:16 [I] 101
2020-03-13 02:43:07 [I] 当前时间:1584067387,重试时间:1584067336。未收到握手包应答
2020-03-13 02:43:07 [I] 101
2020-03-13 02:43:58 [I] 当前时间:1584067438,重试时间:1584067387。未收到握手包应答
2020-03-13 02:43:58 [I] 101
2020-03-13 02:44:49 [I] 当前时间:1584067489,重试时间:1584067438。未收到握手包应答
2020-03-13 02:44:49 [I] 101
2020-03-13 02:45:40 [I] 当前时间:1584067540,重试时间:1584067489。未收到握手包应答
2020-03-13 02:45:40 [I] 101
2020-03-13 02:46:31 [I] 当前时间:1584067591,重试时间:1584067540。未收到握手包应答
2020-03-13 02:46:31 [I] 101
2020-03-13 02:47:22 [I] 当前时间:1584067642,重试时间:1584067591。未收到握手包应答
2020-03-13 02:47:22 [I] 101
2020-03-13 02:48:13 [I] 当前时间:1584067693,重试时间:1584067642。未收到握手包应答
2020-03-13 02:48:13 [I] 101
2020-03-13 02:49:04 [I] 当前时间:1584067744,重试时间:1584067693。未收到握手包应答
2020-03-13 02:49:04 [I] 101
2020-03-13 02:49:55 [I] 当前时间:1584067795,重试时间:1584067744。未收到握手包应答
2020-03-13 02:49:55 [I] 101
2020-03-13 02:50:46 [I] 当前时间:1584067846,重试时间:1584067795。未收到握手包应答
2020-03-13 02:50:46 [I] 101
2020-03-13 02:51:37 [I] 当前时间:1584067897,重试时间:1584067846。未收到握手包应答
2020-03-13 02:51:37 [I] 101
2020-03-13 02:52:28 [I] 当前时间:1584067948,重试时间:1584067897。未收到握手包应答
2020-03-13 02:52:28 [I] 101
2020-03-13 02:53:19 [I] 当前时间:1584067999,重试时间:1584067948。未收到握手包应答
2020-03-13 02:53:19 [I] 101
2020-03-13 02:54:10 [I] 当前时间:1584068050,重试时间:1584067999。未收到握手包应答
2020-03-13 02:54:10 [I] 101
2020-03-13 02:55:01 [I] 当前时间:1584068101,重试时间:1584068050。未收到握手包应答
2020-03-13 02:55:01 [I] 101
2020-03-13 02:55:52 [I] 当前时间:1584068152,重试时间:1584068101。未收到握手包应答
2020-03-13 02:55:52 [I] 101
2020-03-13 02:56:43 [I] 当前时间:1584068203,重试时间:1584068152。未收到握手包应答
2020-03-13 02:56:43 [I] 101
2020-03-13 02:57:34 [I] 当前时间:1584068254,重试时间:1584068203。未收到握手包应答
2020-03-13 02:57:34 [I] 101
2020-03-13 02:58:25 [I] 当前时间:1584068305,重试时间:1584068254。未收到握手包应答
2020-03-13 02:58:25 [I] 101
2020-03-13 02:59:16 [I] 当前时间:1584068356,重试时间:1584068305。未收到握手包应答
2020-03-13 02:59:16 [I] 101
2020-03-13 03:00:07 [I] 当前时间:1584068407,重试时间:1584068356。未收到握手包应答
2020-03-13 03:00:07 [I] 101
2020-03-13 03:00:58 [I] 当前时间:1584068458,重试时间:1584068407。未收到握手包应答
2020-03-13 03:00:58 [I] 101
2020-03-13 03:01:49 [I] 当前时间:1584068509,重试时间:1584068458。未收到握手包应答
2020-03-13 03:01:49 [I] 101
2020-03-13 03:02:40 [I] 当前时间:1584068560,重试时间:1584068509。未收到握手包应答
2020-03-13 03:02:40 [I] 101
2020-03-13 03:03:31 [I] 当前时间:1584068611,重试时间:1584068560。未收到握手包应答
2020-03-13 03:03:31 [I] 101
2020-03-13 03:04:22 [I] 当前时间:1584068662,重试时间:1584068611。未收到握手包应答
2020-03-13 03:04:22 [I] 101
2020-03-13 03:05:13 [I] 当前时间:1584068713,重试时间:1584068662。未收到握手包应答
2020-03-13 03:05:13 [I] 101
2020-03-13 03:06:04 [I] 当前时间:1584068764,重试时间:1584068713。未收到握手包应答
2020-03-13 03:06:04 [I] 101
2020-03-13 03:06:55 [I] 当前时间:1584068815,重试时间:1584068764。未收到握手包应答
2020-03-13 03:06:55 [I] 101
2020-03-13 03:07:46 [I] 当前时间:1584068866,重试时间:1584068815。未收到握手包应答
2020-03-13 03:07:46 [I] 101
2020-03-13 03:08:37 [I] 当前时间:1584068917,重试时间:1584068866。未收到握手包应答
2020-03-13 03:08:37 [I] 101
2020-03-13 03:09:28 [I] 当前时间:1584068968,重试时间:1584068917。未收到握手包应答
2020-03-13 03:09:28 [I] 101
2020-03-13 03:10:19 [I] 当前时间:1584069019,重试时间:1584068968。未收到握手包应答
2020-03-13 03:10:19 [I] 101
2020-03-13 03:11:10 [I] 当前时间:1584069070,重试时间:1584069019。未收到握手包应答
2020-03-13 03:11:10 [I] 101
2020-03-13 03:12:01 [I] 当前时间:1584069121,重试时间:1584069070。未收到握手包应答
2020-03-13 03:12:01 [I] 101
2020-03-13 03:12:52 [I] 当前时间:1584069172,重试时间:1584069121。未收到握手包应答
2020-03-13 03:12:52 [I] 101
2020-03-13 03:13:43 [I] 当前时间:1584069223,重试时间:1584069172。未收到握手包应答
2020-03-13 03:13:43 [I] 101
2020-03-13 03:14:34 [I] 当前时间:1584069274,重试时间:1584069223。未收到握手包应答
2020-03-13 03:14:34 [I] 101
2020-03-13 03:15:25 [I] 当前时间:1584069325,重试时间:1584069274。未收到握手包应答
2020-03-13 03:15:25 [I] 101
2020-03-13 03:16:16 [I] 当前时间:1584069376,重试时间:1584069325。未收到握手包应答
2020-03-13 03:16:16 [I] 101
2020-03-13 03:17:07 [I] 当前时间:1584069427,重试时间:1584069376。未收到握手包应答
2020-03-13 03:17:07 [I] 101
2020-03-13 03:17:58 [I] 当前时间:1584069478,重试时间:1584069427。未收到握手包应答
2020-03-13 03:17:58 [I] 101
2020-03-13 03:18:49 [I] 当前时间:1584069529,重试时间:1584069478。未收到握手包应答
2020-03-13 03:18:49 [I] 101
2020-03-13 03:19:40 [I] 当前时间:1584069580,重试时间:1584069529。未收到握手包应答
2020-03-13 03:19:40 [I] 101
2020-03-13 03:20:31 [I] 当前时间:1584069631,重试时间:1584069580。未收到握手包应答
2020-03-13 03:20:31 [I] 101
2020-03-13 03:21:22 [I] 当前时间:1584069682,重试时间:1584069631。未收到握手包应答
2020-03-13 03:21:22 [I] 101
2020-03-13 03:22:13 [I] 当前时间:1584069733,重试时间:1584069682。未收到握手包应答
2020-03-13 03:22:13 [I] 101
2020-03-13 03:23:04 [I] 当前时间:1584069784,重试时间:1584069733。未收到握手包应答
2020-03-13 03:23:04 [I] 101
2020-03-13 03:23:55 [I] 当前时间:1584069835,重试时间:1584069784。未收到握手包应答
2020-03-13 03:23:55 [I] 101
2020-03-13 03:24:46 [I] 当前时间:1584069886,重试时间:1584069835。未收到握手包应答
2020-03-13 03:24:46 [I] 101
2020-03-13 03:25:37 [I] 当前时间:1584069937,重试时间:1584069886。未收到握手包应答
2020-03-13 03:25:37 [I] 101
2020-03-13 03:26:28 [I] 当前时间:1584069988,重试时间:1584069937。未收到握手包应答
2020-03-13 03:26:28 [I] 101
2020-03-13 03:27:19 [I] 当前时间:1584070039,重试时间:1584069988。未收到握手包应答
2020-03-13 03:27:19 [I] 101
2020-03-13 03:28:10 [I] 当前时间:1584070090,重试时间:1584070039。未收到握手包应答
2020-03-13 03:28:10 [I] 101
2020-03-13 03:29:01 [I] 当前时间:1584070141,重试时间:1584070090。未收到握手包应答
2020-03-13 03:29:01 [I] 101
2020-03-13 03:29:52 [I] 当前时间:1584070192,重试时间:1584070141。未收到握手包应答
2020-03-13 03:29:52 [I] 101
2020-03-13 03:30:43 [I] 当前时间:1584070243,重试时间:1584070192。未收到握手包应答
2020-03-13 03:30:43 [I] 101
2020-03-13 03:31:34 [I] 当前时间:1584070294,重试时间:1584070243。未收到握手包应答
2020-03-13 03:31:34 [I] 101
2020-03-13 03:32:25 [I] 当前时间:1584070345,重试时间:1584070294。未收到握手包应答
2020-03-13 03:32:25 [I] 101
2020-03-13 03:33:16 [I] 当前时间:1584070396,重试时间:1584070345。未收到握手包应答
2020-03-13 03:33:16 [I] 101
2020-03-13 03:34:07 [I] 当前时间:1584070447,重试时间:1584070396。未收到握手包应答
2020-03-13 03:34:07 [I] 101
2020-03-13 03:34:58 [I] 当前时间:1584070498,重试时间:1584070447。未收到握手包应答
2020-03-13 03:34:58 [I] 101
2020-03-13 03:35:49 [I] 当前时间:1584070549,重试时间:1584070498。未收到握手包应答
2020-03-13 03:35:49 [I] 101
2020-03-13 03:36:40 [I] 当前时间:1584070600,重试时间:1584070549。未收到握手包应答
2020-03-13 03:36:40 [I] 101
2020-03-13 03:37:31 [I] 当前时间:1584070651,重试时间:1584070600。未收到握手包应答
2020-03-13 03:37:31 [I] 101
2020-03-13 03:38:22 [I] 当前时间:1584070702,重试时间:1584070651。未收到握手包应答
2020-03-13 03:38:22 [I] 101
2020-03-13 03:39:13 [I] 当前时间:1584070753,重试时间:1584070702。未收到握手包应答
2020-03-13 03:39:13 [I] 101
2020-03-13 03:40:04 [I] 当前时间:1584070804,重试时间:1584070753。未收到握手包应答
2020-03-13 03:40:04 [I] 101
2020-03-13 03:40:55 [I] 当前时间:1584070855,重试时间:1584070804。未收到握手包应答
2020-03-13 03:40:55 [I] 101
2020-03-13 03:41:46 [I] 当前时间:1584070906,重试时间:1584070855。未收到握手包应答
2020-03-13 03:41:46 [I] 101
2020-03-13 03:42:37 [I] 当前时间:1584070957,重试时间:1584070906。未收到握手包应答
2020-03-13 03:42:37 [I] 101
2020-03-13 03:43:28 [I] 当前时间:1584071008,重试时间:1584070957。未收到握手包应答
2020-03-13 03:43:28 [I] 101
2020-03-13 03:44:19 [I] 当前时间:1584071059,重试时间:1584071008。未收到握手包应答
2020-03-13 03:44:19 [I] 101
2020-03-13 03:45:10 [I] 当前时间:1584071110,重试时间:1584071059。未收到握手包应答
2020-03-13 03:45:10 [I] 101
2020-03-13 03:46:01 [I] 当前时间:1584071161,重试时间:1584071110。未收到握手包应答
2020-03-13 03:46:01 [I] 101
2020-03-13 03:46:52 [I] 当前时间:1584071212,重试时间:1584071161。未收到握手包应答
2020-03-13 03:46:52 [I] 101
2020-03-13 03:47:43 [I] 当前时间:1584071263,重试时间:1584071212。未收到握手包应答
2020-03-13 03:47:43 [I] 101
2020-03-13 03:48:34 [I] 当前时间:1584071314,重试时间:1584071263。未收到握手包应答
2020-03-13 03:48:34 [I] 101
2020-03-13 03:49:25 [I] 当前时间:1584071365,重试时间:1584071314。未收到握手包应答
2020-03-13 03:49:25 [I] 101
2020-03-13 03:50:16 [I] 当前时间:1584071416,重试时间:1584071365。未收到握手包应答
2020-03-13 03:50:16 [I] 101
2020-03-13 03:51:07 [I] 当前时间:1584071467,重试时间:1584071416。未收到握手包应答
2020-03-13 03:51:07 [I] 101
2020-03-13 03:51:58 [I] 当前时间:1584071518,重试时间:1584071467。未收到握手包应答
2020-03-13 03:51:58 [I] 101
2020-03-13 03:52:49 [I] 当前时间:1584071569,重试时间:1584071518。未收到握手包应答
2020-03-13 03:52:49 [I] 101
2020-03-13 03:53:40 [I] 当前时间:1584071620,重试时间:1584071569。未收到握手包应答
2020-03-13 03:53:40 [I] 101
2020-03-13 03:54:31 [I] 当前时间:1584071671,重试时间:1584071620。未收到握手包应答
2020-03-13 03:54:31 [I] 101
2020-03-13 03:55:22 [I] 当前时间:1584071722,重试时间:1584071671。未收到握手包应答
2020-03-13 03:55:22 [I] 101
2020-03-13 03:56:13 [I] 当前时间:1584071773,重试时间:1584071722。未收到握手包应答
2020-03-13 03:56:13 [I] 101
2020-03-13 03:57:04 [I] 当前时间:1584071824,重试时间:1584071773。未收到握手包应答
2020-03-13 03:57:04 [I] 101
2020-03-13 03:57:55 [I] 当前时间:1584071875,重试时间:1584071824。未收到握手包应答
2020-03-13 03:57:55 [I] 101
2020-03-13 03:58:46 [I] 当前时间:1584071926,重试时间:1584071875。未收到握手包应答
2020-03-13 03:58:46 [I] 101
2020-03-13 03:59:37 [I] 当前时间:1584071977,重试时间:1584071926。未收到握手包应答
2020-03-13 03:59:37 [I] 101
2020-03-13 04:00:28 [I] 当前时间:1584072028,重试时间:1584071977。未收到握手包应答
2020-03-13 04:00:28 [I] 101
2020-03-13 04:01:19 [I] 当前时间:1584072079,重试时间:1584072028。未收到握手包应答
2020-03-13 04:01:19 [I] 101
2020-03-13 04:02:10 [I] 当前时间:1584072130,重试时间:1584072079。未收到握手包应答
2020-03-13 04:02:10 [I] 101
2020-03-13 04:03:01 [I] 当前时间:1584072181,重试时间:1584072130。未收到握手包应答
2020-03-13 04:03:01 [I] 101
2020-03-13 04:03:52 [I] 当前时间:1584072232,重试时间:1584072181。未收到握手包应答
2020-03-13 04:03:52 [I] 101
2020-03-13 04:04:43 [I] 当前时间:1584072283,重试时间:1584072232。未收到握手包应答
2020-03-13 04:04:43 [I] 101
2020-03-13 04:05:34 [I] 当前时间:1584072334,重试时间:1584072283。未收到握手包应答
2020-03-13 04:05:34 [I] 101
2020-03-13 04:06:25 [I] 当前时间:1584072385,重试时间:1584072334。未收到握手包应答
2020-03-13 04:06:25 [I] 101
2020-03-13 04:07:16 [I] 当前时间:1584072436,重试时间:1584072385。未收到握手包应答
2020-03-13 04:07:16 [I] 101
2020-03-13 04:08:07 [I] 当前时间:1584072487,重试时间:1584072436。未收到握手包应答
2020-03-13 04:08:07 [I] 101
2020-03-13 04:08:58 [I] 当前时间:1584072538,重试时间:1584072487。未收到握手包应答
2020-03-13 04:08:58 [I] 101
2020-03-13 04:09:49 [I] 当前时间:1584072589,重试时间:1584072538。未收到握手包应答
2020-03-13 04:09:49 [I] 101
2020-03-13 04:10:40 [I] 当前时间:1584072640,重试时间:1584072589。未收到握手包应答
2020-03-13 04:10:40 [I] 101
2020-03-13 04:11:31 [I] 当前时间:1584072691,重试时间:1584072640。未收到握手包应答
2020-03-13 04:11:31 [I] 101
2020-03-13 04:12:22 [I] 当前时间:1584072742,重试时间:1584072691。未收到握手包应答
2020-03-13 04:12:22 [I] 101
2020-03-13 04:13:13 [I] 当前时间:1584072793,重试时间:1584072742。未收到握手包应答
2020-03-13 04:13:13 [I] 101
2020-03-13 04:14:04 [I] 当前时间:1584072844,重试时间:1584072793。未收到握手包应答
2020-03-13 04:14:04 [I] 101
2020-03-13 04:14:55 [I] 当前时间:1584072895,重试时间:1584072844。未收到握手包应答
2020-03-13 04:14:55 [I] 101
2020-03-13 04:15:46 [I] 当前时间:1584072946,重试时间:1584072895。未收到握手包应答
2020-03-13 04:15:46 [I] 101
2020-03-13 04:16:37 [I] 当前时间:1584072997,重试时间:1584072946。未收到握手包应答
2020-03-13 04:16:37 [I] 101
2020-03-13 04:17:28 [I] 当前时间:1584073048,重试时间:1584072997。未收到握手包应答
2020-03-13 04:17:28 [I] 101
2020-03-13 04:18:19 [I] 当前时间:1584073099,重试时间:1584073048。未收到握手包应答
2020-03-13 04:18:19 [I] 101
2020-03-13 04:19:10 [I] 当前时间:1584073150,重试时间:1584073099。未收到握手包应答
2020-03-13 04:19:10 [I] 101
2020-03-13 04:20:01 [I] 当前时间:1584073201,重试时间:1584073150。未收到握手包应答
2020-03-13 04:20:01 [I] 101
2020-03-13 04:20:52 [I] 当前时间:1584073252,重试时间:1584073201。未收到握手包应答
2020-03-13 04:20:52 [I] 101
2020-03-13 04:21:43 [I] 当前时间:1584073303,重试时间:1584073252。未收到握手包应答
2020-03-13 04:21:43 [I] 101
2020-03-13 04:22:34 [I] 当前时间:1584073354,重试时间:1584073303。未收到握手包应答
2020-03-13 04:22:34 [I] 101
2020-03-13 04:23:25 [I] 当前时间:1584073405,重试时间:1584073354。未收到握手包应答
2020-03-13 04:23:25 [I] 101
2020-03-13 04:24:16 [I] 当前时间:1584073456,重试时间:1584073405。未收到握手包应答
2020-03-13 04:24:16 [I] 101
2020-03-13 04:25:07 [I] 当前时间:1584073507,重试时间:1584073456。未收到握手包应答
2020-03-13 04:25:07 [I] 101
2020-03-13 04:25:58 [I] 当前时间:1584073558,重试时间:1584073507。未收到握手包应答
2020-03-13 04:25:58 [I] 101
2020-03-13 04:26:49 [I] 当前时间:1584073609,重试时间:1584073558。未收到握手包应答
2020-03-13 04:26:49 [I] 101
2020-03-13 04:27:40 [I] 当前时间:1584073660,重试时间:1584073609。未收到握手包应答
2020-03-13 04:27:40 [I] 101
2020-03-13 04:28:31 [I] 当前时间:1584073711,重试时间:1584073660。未收到握手包应答
2020-03-13 04:28:31 [I] 101
2020-03-13 04:29:22 [I] 当前时间:1584073762,重试时间:1584073711。未收到握手包应答
2020-03-13 04:29:22 [I] 101
2020-03-13 04:30:13 [I] 当前时间:1584073813,重试时间:1584073762。未收到握手包应答
2020-03-13 04:30:13 [I] 101
2020-03-13 04:31:04 [I] 当前时间:1584073864,重试时间:1584073813。未收到握手包应答
2020-03-13 04:31:04 [I] 101
2020-03-13 04:31:55 [I] 当前时间:1584073915,重试时间:1584073864。未收到握手包应答
2020-03-13 04:31:55 [I] 101
2020-03-13 04:32:46 [I] 当前时间:1584073966,重试时间:1584073915。未收到握手包应答
2020-03-13 04:32:46 [I] 101
2020-03-13 04:33:37 [I] 当前时间:1584074017,重试时间:1584073966。未收到握手包应答
2020-03-13 04:33:37 [I] 101
2020-03-13 04:34:28 [I] 当前时间:1584074068,重试时间:1584074017。未收到握手包应答
2020-03-13 04:34:28 [I] 101
2020-03-13 04:35:19 [I] 当前时间:1584074119,重试时间:1584074068。未收到握手包应答
2020-03-13 04:35:19 [I] 101
2020-03-13 04:36:10 [I] 当前时间:1584074170,重试时间:1584074119。未收到握手包应答
2020-03-13 04:36:10 [I] 101
2020-03-13 04:37:01 [I] 当前时间:1584074221,重试时间:1584074170。未收到握手包应答
2020-03-13 04:37:01 [I] 101
2020-03-13 04:37:52 [I] 当前时间:1584074272,重试时间:1584074221。未收到握手包应答
2020-03-13 04:37:52 [I] 101
2020-03-13 04:38:43 [I] 当前时间:1584074323,重试时间:1584074272。未收到握手包应答
2020-03-13 04:38:43 [I] 101
2020-03-13 04:39:34 [I] 当前时间:1584074374,重试时间:1584074323。未收到握手包应答
2020-03-13 04:39:34 [I] 101
2020-03-13 04:40:25 [I] 当前时间:1584074425,重试时间:1584074374。未收到握手包应答
2020-03-13 04:40:25 [I] 101
2020-03-13 04:41:16 [I] 当前时间:1584074476,重试时间:1584074425。未收到握手包应答
2020-03-13 04:41:16 [I] 101
2020-03-13 04:42:07 [I] 当前时间:1584074527,重试时间:1584074476。未收到握手包应答
2020-03-13 04:42:07 [I] 101
2020-03-13 04:42:58 [I] 当前时间:1584074578,重试时间:1584074527。未收到握手包应答
2020-03-13 04:42:58 [I] 101
2020-03-13 04:43:49 [I] 当前时间:1584074629,重试时间:1584074578。未收到握手包应答
2020-03-13 04:43:49 [I] 101
2020-03-13 04:44:40 [I] 当前时间:1584074680,重试时间:1584074629。未收到握手包应答
2020-03-13 04:44:40 [I] 101
2020-03-13 04:45:31 [I] 当前时间:1584074731,重试时间:1584074680。未收到握手包应答
2020-03-13 04:45:31 [I] 101
2020-03-13 04:46:22 [I] 当前时间:1584074782,重试时间:1584074731。未收到握手包应答
2020-03-13 04:46:22 [I] 101
2020-03-13 04:47:13 [I] 当前时间:1584074833,重试时间:1584074782。未收到握手包应答
2020-03-13 04:47:13 [I] 101
2020-03-13 04:48:04 [I] 当前时间:1584074884,重试时间:1584074833。未收到握手包应答
2020-03-13 04:48:04 [I] 101
2020-03-13 04:48:55 [I] 当前时间:1584074935,重试时间:1584074884。未收到握手包应答
2020-03-13 04:48:55 [I] 101
2020-03-13 04:49:46 [I] 当前时间:1584074986,重试时间:1584074935。未收到握手包应答
2020-03-13 04:49:46 [I] 101
2020-03-13 04:50:37 [I] 当前时间:1584075037,重试时间:1584074986。未收到握手包应答
2020-03-13 04:50:37 [I] 101
2020-03-13 04:51:28 [I] 当前时间:1584075088,重试时间:1584075037。未收到握手包应答
2020-03-13 04:51:28 [I] 101
2020-03-13 04:52:19 [I] 当前时间:1584075139,重试时间:1584075088。未收到握手包应答
2020-03-13 04:52:19 [I] 101
2020-03-13 04:53:10 [I] 当前时间:1584075190,重试时间:1584075139。未收到握手包应答
2020-03-13 04:53:10 [I] 101
2020-03-13 04:54:01 [I] 当前时间:1584075241,重试时间:1584075190。未收到握手包应答
2020-03-13 04:54:01 [I] 101
2020-03-13 04:54:52 [I] 当前时间:1584075292,重试时间:1584075241。未收到握手包应答
2020-03-13 04:54:52 [I] 101
2020-03-13 04:55:43 [I] 当前时间:1584075343,重试时间:1584075292。未收到握手包应答
2020-03-13 04:55:43 [I] 101
2020-03-13 04:56:34 [I] 当前时间:1584075394,重试时间:1584075343。未收到握手包应答
2020-03-13 04:56:34 [I] 101
2020-03-13 04:57:25 [I] 当前时间:1584075445,重试时间:1584075394。未收到握手包应答
2020-03-13 04:57:25 [I] 101
2020-03-13 04:58:16 [I] 当前时间:1584075496,重试时间:1584075445。未收到握手包应答
2020-03-13 04:58:16 [I] 101
2020-03-13 04:59:07 [I] 当前时间:1584075547,重试时间:1584075496。未收到握手包应答
2020-03-13 04:59:07 [I] 101
2020-03-13 04:59:58 [I] 当前时间:1584075598,重试时间:1584075547。未收到握手包应答
2020-03-13 04:59:58 [I] 101
2020-03-13 05:00:49 [I] 当前时间:1584075649,重试时间:1584075598。未收到握手包应答
2020-03-13 05:00:49 [I] 101
2020-03-13 05:01:40 [I] 当前时间:1584075700,重试时间:1584075649。未收到握手包应答
2020-03-13 05:01:40 [I] 101
2020-03-13 05:02:31 [I] 当前时间:1584075751,重试时间:1584075700。未收到握手包应答
2020-03-13 05:02:31 [I] 101
2020-03-13 05:03:22 [I] 当前时间:1584075802,重试时间:1584075751。未收到握手包应答
2020-03-13 05:03:22 [I] 101
2020-03-13 05:04:13 [I] 当前时间:1584075853,重试时间:1584075802。未收到握手包应答
2020-03-13 05:04:13 [I] 101
2020-03-13 05:05:04 [I] 当前时间:1584075904,重试时间:1584075853。未收到握手包应答
2020-03-13 05:05:04 [I] 101
2020-03-13 05:05:55 [I] 当前时间:1584075955,重试时间:1584075904。未收到握手包应答
2020-03-13 05:05:55 [I] 101
2020-03-13 05:06:46 [I] 当前时间:1584076006,重试时间:1584075955。未收到握手包应答
2020-03-13 05:06:46 [I] 101
2020-03-13 05:07:37 [I] 当前时间:1584076057,重试时间:1584076006。未收到握手包应答
2020-03-13 05:07:37 [I] 101
2020-03-13 05:08:28 [I] 当前时间:1584076108,重试时间:1584076057。未收到握手包应答
2020-03-13 05:08:28 [I] 101
2020-03-13 05:09:19 [I] 当前时间:1584076159,重试时间:1584076108。未收到握手包应答
2020-03-13 05:09:19 [I] 101
2020-03-13 05:10:10 [I] 当前时间:1584076210,重试时间:1584076159。未收到握手包应答
2020-03-13 05:10:10 [I] 101
2020-03-13 05:11:01 [I] 当前时间:1584076261,重试时间:1584076210。未收到握手包应答
2020-03-13 05:11:01 [I] 101
2020-03-13 05:11:52 [I] 当前时间:1584076312,重试时间:1584076261。未收到握手包应答
2020-03-13 05:11:52 [I] 101
2020-03-13 05:12:43 [I] 当前时间:1584076363,重试时间:1584076312。未收到握手包应答
2020-03-13 05:12:43 [I] 101
2020-03-13 05:13:34 [I] 当前时间:1584076414,重试时间:1584076363。未收到握手包应答
2020-03-13 05:13:34 [I] 101
2020-03-13 05:14:25 [I] 当前时间:1584076465,重试时间:1584076414。未收到握手包应答
2020-03-13 05:14:25 [I] 101
2020-03-13 05:15:16 [I] 当前时间:1584076516,重试时间:1584076465。未收到握手包应答
2020-03-13 05:15:16 [I] 101
2020-03-13 05:16:07 [I] 当前时间:1584076567,重试时间:1584076516。未收到握手包应答
2020-03-13 05:16:07 [I] 101
2020-03-13 05:16:58 [I] 当前时间:1584076618,重试时间:1584076567。未收到握手包应答
2020-03-13 05:16:58 [I] 101
2020-03-13 05:17:49 [I] 当前时间:1584076669,重试时间:1584076618。未收到握手包应答
2020-03-13 05:17:49 [I] 101
2020-03-13 05:18:40 [I] 当前时间:1584076720,重试时间:1584076669。未收到握手包应答
2020-03-13 05:18:40 [I] 101
2020-03-13 05:19:31 [I] 当前时间:1584076771,重试时间:1584076720。未收到握手包应答
2020-03-13 05:19:31 [I] 101
2020-03-13 05:20:22 [I] 当前时间:1584076822,重试时间:1584076771。未收到握手包应答
2020-03-13 05:20:22 [I] 101
2020-03-13 05:21:13 [I] 当前时间:1584076873,重试时间:1584076822。未收到握手包应答
2020-03-13 05:21:13 [I] 101
2020-03-13 05:22:04 [I] 当前时间:1584076924,重试时间:1584076873。未收到握手包应答
2020-03-13 05:22:04 [I] 101
2020-03-13 05:22:55 [I] 当前时间:1584076975,重试时间:1584076924。未收到握手包应答
2020-03-13 05:22:55 [I] 101
2020-03-13 05:23:46 [I] 当前时间:1584077026,重试时间:1584076975。未收到握手包应答
2020-03-13 05:23:46 [I] 101
2020-03-13 05:24:37 [I] 当前时间:1584077077,重试时间:1584077026。未收到握手包应答
2020-03-13 05:24:37 [I] 101
2020-03-13 05:25:28 [I] 当前时间:1584077128,重试时间:1584077077。未收到握手包应答
2020-03-13 05:25:28 [I] 101
2020-03-13 05:26:19 [I] 当前时间:1584077179,重试时间:1584077128。未收到握手包应答
2020-03-13 05:26:19 [I] 101
2020-03-13 05:27:10 [I] 当前时间:1584077230,重试时间:1584077179。未收到握手包应答
2020-03-13 05:27:10 [I] 101
2020-03-13 05:28:01 [I] 当前时间:1584077281,重试时间:1584077230。未收到握手包应答
2020-03-13 05:28:01 [I] 101
2020-03-13 05:28:52 [I] 当前时间:1584077332,重试时间:1584077281。未收到握手包应答
2020-03-13 05:28:52 [I] 101
2020-03-13 05:29:43 [I] 当前时间:1584077383,重试时间:1584077332。未收到握手包应答
2020-03-13 05:29:43 [I] 101
2020-03-13 05:30:34 [I] 当前时间:1584077434,重试时间:1584077383。未收到握手包应答
2020-03-13 05:30:34 [I] 101
2020-03-13 05:31:25 [I] 当前时间:1584077485,重试时间:1584077434。未收到握手包应答
2020-03-13 05:31:25 [I] 101
2020-03-13 05:32:16 [I] 当前时间:1584077536,重试时间:1584077485。未收到握手包应答
2020-03-13 05:32:16 [I] 101
2020-03-13 05:33:07 [I] 当前时间:1584077587,重试时间:1584077536。未收到握手包应答
2020-03-13 05:33:07 [I] 101
2020-03-13 05:33:58 [I] 当前时间:1584077638,重试时间:1584077587。未收到握手包应答
2020-03-13 05:33:58 [I] 101
2020-03-13 05:34:49 [I] 当前时间:1584077689,重试时间:1584077638。未收到握手包应答
2020-03-13 05:34:49 [I] 101
2020-03-13 05:35:40 [I] 当前时间:1584077740,重试时间:1584077689。未收到握手包应答
2020-03-13 05:35:40 [I] 101
2020-03-13 05:36:31 [I] 当前时间:1584077791,重试时间:1584077740。未收到握手包应答
2020-03-13 05:36:31 [I] 101
2020-03-13 05:37:22 [I] 当前时间:1584077842,重试时间:1584077791。未收到握手包应答
2020-03-13 05:37:22 [I] 101
2020-03-13 05:38:13 [I] 当前时间:1584077893,重试时间:1584077842。未收到握手包应答
2020-03-13 05:38:13 [I] 101
2020-03-13 05:39:04 [I] 当前时间:1584077944,重试时间:1584077893。未收到握手包应答
2020-03-13 05:39:04 [I] 101
2020-03-13 05:39:55 [I] 当前时间:1584077995,重试时间:1584077944。未收到握手包应答
2020-03-13 05:39:55 [I] 101
2020-03-13 05:40:46 [I] 当前时间:1584078046,重试时间:1584077995。未收到握手包应答
2020-03-13 05:40:46 [I] 101
2020-03-13 05:41:37 [I] 当前时间:1584078097,重试时间:1584078046。未收到握手包应答
2020-03-13 05:41:37 [I] 101
2020-03-13 05:42:28 [I] 当前时间:1584078148,重试时间:1584078097。未收到握手包应答
2020-03-13 05:42:28 [I] 101
2020-03-13 05:43:19 [I] 当前时间:1584078199,重试时间:1584078148。未收到握手包应答
2020-03-13 05:43:19 [I] 101
2020-03-13 05:44:10 [I] 当前时间:1584078250,重试时间:1584078199。未收到握手包应答
2020-03-13 05:44:10 [I] 101
2020-03-13 05:45:01 [I] 当前时间:1584078301,重试时间:1584078250。未收到握手包应答
2020-03-13 05:45:01 [I] 101
2020-03-13 05:45:52 [I] 当前时间:1584078352,重试时间:1584078301。未收到握手包应答
2020-03-13 05:45:52 [I] 101
2020-03-13 05:46:43 [I] 当前时间:1584078403,重试时间:1584078352。未收到握手包应答
2020-03-13 05:46:43 [I] 101
2020-03-13 05:47:34 [I] 当前时间:1584078454,重试时间:1584078403。未收到握手包应答
2020-03-13 05:47:34 [I] 101
2020-03-13 05:48:25 [I] 当前时间:1584078505,重试时间:1584078454。未收到握手包应答
2020-03-13 05:48:25 [I] 101
2020-03-13 05:49:16 [I] 当前时间:1584078556,重试时间:1584078505。未收到握手包应答
2020-03-13 05:49:16 [I] 101
2020-03-13 05:50:07 [I] 当前时间:1584078607,重试时间:1584078556。未收到握手包应答
2020-03-13 05:50:07 [I] 101
2020-03-13 05:50:58 [I] 当前时间:1584078658,重试时间:1584078607。未收到握手包应答
2020-03-13 05:50:58 [I] 101
2020-03-13 05:51:49 [I] 当前时间:1584078709,重试时间:1584078658。未收到握手包应答
2020-03-13 05:51:49 [I] 101
2020-03-13 05:52:40 [I] 当前时间:1584078760,重试时间:1584078709。未收到握手包应答
2020-03-13 05:52:40 [I] 101
2020-03-13 05:53:31 [I] 当前时间:1584078811,重试时间:1584078760。未收到握手包应答
2020-03-13 05:53:31 [I] 101
2020-03-13 05:54:22 [I] 当前时间:1584078862,重试时间:1584078811。未收到握手包应答
2020-03-13 05:54:22 [I] 101
2020-03-13 05:55:13 [I] 当前时间:1584078913,重试时间:1584078862。未收到握手包应答
2020-03-13 05:55:13 [I] 101
2020-03-13 05:56:04 [I] 当前时间:1584078964,重试时间:1584078913。未收到握手包应答
2020-03-13 05:56:04 [I] 101
2020-03-13 05:56:55 [I] 当前时间:1584079015,重试时间:1584078964。未收到握手包应答
2020-03-13 05:56:55 [I] 101
2020-03-13 05:57:46 [I] 当前时间:1584079066,重试时间:1584079015。未收到握手包应答
2020-03-13 05:57:46 [I] 101
2020-03-13 05:58:37 [I] 当前时间:1584079117,重试时间:1584079066。未收到握手包应答
2020-03-13 05:58:37 [I] 101
2020-03-13 05:59:28 [I] 当前时间:1584079168,重试时间:1584079117。未收到握手包应答
2020-03-13 05:59:28 [I] 101
2020-03-13 06:00:19 [I] 当前时间:1584079219,重试时间:1584079168。未收到握手包应答
2020-03-13 06:00:19 [I] 101
2020-03-13 06:01:10 [I] 当前时间:1584079270,重试时间:1584079219。未收到握手包应答
2020-03-13 06:01:10 [I] 101
2020-03-13 06:02:01 [I] 当前时间:1584079321,重试时间:1584079270。未收到握手包应答
2020-03-13 06:02:01 [I] 101
2020-03-13 06:02:52 [I] 当前时间:1584079372,重试时间:1584079321。未收到握手包应答
2020-03-13 06:02:52 [I] 101
2020-03-13 06:03:43 [I] 当前时间:1584079423,重试时间:1584079372。未收到握手包应答
2020-03-13 06:03:43 [I] 101
2020-03-13 06:04:34 [I] 当前时间:1584079474,重试时间:1584079423。未收到握手包应答
2020-03-13 06:04:34 [I] 101
2020-03-13 06:05:25 [I] 当前时间:1584079525,重试时间:1584079474。未收到握手包应答
2020-03-13 06:05:25 [I] 101
2020-03-13 06:06:16 [I] 当前时间:1584079576,重试时间:1584079525。未收到握手包应答
2020-03-13 06:06:16 [I] 101
2020-03-13 06:07:07 [I] 当前时间:1584079627,重试时间:1584079576。未收到握手包应答
2020-03-13 06:07:07 [I] 101
2020-03-13 06:07:58 [I] 当前时间:1584079678,重试时间:1584079627。未收到握手包应答
2020-03-13 06:07:58 [I] 101
2020-03-13 06:08:49 [I] 当前时间:1584079729,重试时间:1584079678。未收到握手包应答
2020-03-13 06:08:49 [I] 101
2020-03-13 06:09:40 [I] 当前时间:1584079780,重试时间:1584079729。未收到握手包应答
2020-03-13 06:09:40 [I] 101
2020-03-13 06:10:31 [I] 当前时间:1584079831,重试时间:1584079780。未收到握手包应答
2020-03-13 06:10:31 [I] 101
2020-03-13 06:11:22 [I] 当前时间:1584079882,重试时间:1584079831。未收到握手包应答
2020-03-13 06:11:22 [I] 101
2020-03-13 06:12:13 [I] 当前时间:1584079933,重试时间:1584079882。未收到握手包应答
2020-03-13 06:12:13 [I] 101
2020-03-13 06:13:04 [I] 当前时间:1584079984,重试时间:1584079933。未收到握手包应答
2020-03-13 06:13:04 [I] 101
2020-03-13 06:13:55 [I] 当前时间:1584080035,重试时间:1584079984。未收到握手包应答
2020-03-13 06:13:55 [I] 101
2020-03-13 06:14:46 [I] 当前时间:1584080086,重试时间:1584080035。未收到握手包应答
2020-03-13 06:14:46 [I] 101
2020-03-13 06:15:37 [I] 当前时间:1584080137,重试时间:1584080086。未收到握手包应答
2020-03-13 06:15:37 [I] 101
2020-03-13 06:16:28 [I] 当前时间:1584080188,重试时间:1584080137。未收到握手包应答
2020-03-13 06:16:28 [I] 101
2020-03-13 06:17:19 [I] 当前时间:1584080239,重试时间:1584080188。未收到握手包应答
2020-03-13 06:17:19 [I] 101
2020-03-13 06:18:10 [I] 当前时间:1584080290,重试时间:1584080239。未收到握手包应答
2020-03-13 06:18:10 [I] 101
2020-03-13 06:19:01 [I] 当前时间:1584080341,重试时间:1584080290。未收到握手包应答
2020-03-13 06:19:01 [I] 101
2020-03-13 06:19:52 [I] 当前时间:1584080392,重试时间:1584080341。未收到握手包应答
2020-03-13 06:19:52 [I] 101
2020-03-13 06:20:43 [I] 当前时间:1584080443,重试时间:1584080392。未收到握手包应答
2020-03-13 06:20:43 [I] 101
2020-03-13 06:21:34 [I] 当前时间:1584080494,重试时间:1584080443。未收到握手包应答
2020-03-13 06:21:34 [I] 101
2020-03-13 06:22:25 [I] 当前时间:1584080545,重试时间:1584080494。未收到握手包应答
2020-03-13 06:22:25 [I] 101
2020-03-13 06:23:16 [I] 当前时间:1584080596,重试时间:1584080545。未收到握手包应答
2020-03-13 06:23:16 [I] 101
2020-03-13 06:24:07 [I] 当前时间:1584080647,重试时间:1584080596。未收到握手包应答
2020-03-13 06:24:07 [I] 101
2020-03-13 06:24:58 [I] 当前时间:1584080698,重试时间:1584080647。未收到握手包应答
2020-03-13 06:24:58 [I] 101
2020-03-13 06:25:49 [I] 当前时间:1584080749,重试时间:1584080698。未收到握手包应答
2020-03-13 06:25:49 [I] 101
2020-03-13 06:26:40 [I] 当前时间:1584080800,重试时间:1584080749。未收到握手包应答
2020-03-13 06:26:40 [I] 101
2020-03-13 06:27:31 [I] 当前时间:1584080851,重试时间:1584080800。未收到握手包应答
2020-03-13 06:27:31 [I] 101
2020-03-13 06:28:22 [I] 当前时间:1584080902,重试时间:1584080851。未收到握手包应答
2020-03-13 06:28:22 [I] 101
2020-03-13 06:29:13 [I] 当前时间:1584080953,重试时间:1584080902。未收到握手包应答
2020-03-13 06:29:13 [I] 101
2020-03-13 06:30:04 [I] 当前时间:1584081004,重试时间:1584080953。未收到握手包应答
2020-03-13 06:30:04 [I] 101
2020-03-13 06:30:55 [I] 当前时间:1584081055,重试时间:1584081004。未收到握手包应答
2020-03-13 06:30:55 [I] 101
2020-03-13 06:31:46 [I] 当前时间:1584081106,重试时间:1584081055。未收到握手包应答
2020-03-13 06:31:46 [I] 101
2020-03-13 06:32:37 [I] 当前时间:1584081157,重试时间:1584081106。未收到握手包应答
2020-03-13 06:32:37 [I] 101
2020-03-13 06:33:28 [I] 当前时间:1584081208,重试时间:1584081157。未收到握手包应答
2020-03-13 06:33:28 [I] 101
2020-03-13 06:34:19 [I] 当前时间:1584081259,重试时间:1584081208。未收到握手包应答
2020-03-13 06:34:19 [I] 101
2020-03-13 06:35:10 [I] 当前时间:1584081310,重试时间:1584081259。未收到握手包应答
2020-03-13 06:35:10 [I] 101
2020-03-13 06:36:01 [I] 当前时间:1584081361,重试时间:1584081310。未收到握手包应答
2020-03-13 06:36:01 [I] 101
2020-03-13 06:36:52 [I] 当前时间:1584081412,重试时间:1584081361。未收到握手包应答
2020-03-13 06:36:52 [I] 101
2020-03-13 06:37:43 [I] 当前时间:1584081463,重试时间:1584081412。未收到握手包应答
2020-03-13 06:37:43 [I] 101
2020-03-13 06:38:34 [I] 当前时间:1584081514,重试时间:1584081463。未收到握手包应答
2020-03-13 06:38:34 [I] 101
2020-03-13 06:39:25 [I] 当前时间:1584081565,重试时间:1584081514。未收到握手包应答
2020-03-13 06:39:25 [I] 101
2020-03-13 06:40:16 [I] 当前时间:1584081616,重试时间:1584081565。未收到握手包应答
2020-03-13 06:40:16 [I] 101
2020-03-13 06:41:07 [I] 当前时间:1584081667,重试时间:1584081616。未收到握手包应答
2020-03-13 06:41:07 [I] 101
2020-03-13 06:41:58 [I] 当前时间:1584081718,重试时间:1584081667。未收到握手包应答
2020-03-13 06:41:58 [I] 101
2020-03-13 06:42:49 [I] 当前时间:1584081769,重试时间:1584081718。未收到握手包应答
2020-03-13 06:42:49 [I] 101
2020-03-13 06:43:40 [I] 当前时间:1584081820,重试时间:1584081769。未收到握手包应答
2020-03-13 06:43:40 [I] 101
2020-03-13 06:44:31 [I] 当前时间:1584081871,重试时间:1584081820。未收到握手包应答
2020-03-13 06:44:31 [I] 101
2020-03-13 06:45:22 [I] 当前时间:1584081922,重试时间:1584081871。未收到握手包应答
2020-03-13 06:45:22 [I] 101
2020-03-13 06:46:13 [I] 当前时间:1584081973,重试时间:1584081922。未收到握手包应答
2020-03-13 06:46:13 [I] 101
2020-03-13 06:47:04 [I] 当前时间:1584082024,重试时间:1584081973。未收到握手包应答
2020-03-13 06:47:04 [I] 101
2020-03-13 06:47:55 [I] 当前时间:1584082075,重试时间:1584082024。未收到握手包应答
2020-03-13 06:47:55 [I] 101
2020-03-13 06:48:46 [I] 当前时间:1584082126,重试时间:1584082075。未收到握手包应答
2020-03-13 06:48:46 [I] 101
2020-03-13 06:49:37 [I] 当前时间:1584082177,重试时间:1584082126。未收到握手包应答
2020-03-13 06:49:37 [I] 101
2020-03-13 06:50:28 [I] 当前时间:1584082228,重试时间:1584082177。未收到握手包应答
2020-03-13 06:50:28 [I] 101
2020-03-13 06:51:19 [I] 当前时间:1584082279,重试时间:1584082228。未收到握手包应答
2020-03-13 06:51:19 [I] 101
2020-03-13 06:52:10 [I] 当前时间:1584082330,重试时间:1584082279。未收到握手包应答
2020-03-13 06:52:10 [I] 101
2020-03-13 06:53:01 [I] 当前时间:1584082381,重试时间:1584082330。未收到握手包应答
2020-03-13 06:53:01 [I] 101
2020-03-13 06:53:52 [I] 当前时间:1584082432,重试时间:1584082381。未收到握手包应答
2020-03-13 06:53:52 [I] 101
2020-03-13 06:54:43 [I] 当前时间:1584082483,重试时间:1584082432。未收到握手包应答
2020-03-13 06:54:43 [I] 101
2020-03-13 06:55:34 [I] 当前时间:1584082534,重试时间:1584082483。未收到握手包应答
2020-03-13 06:55:34 [I] 101
2020-03-13 06:56:25 [I] 当前时间:1584082585,重试时间:1584082534。未收到握手包应答
2020-03-13 06:56:25 [I] 101
2020-03-13 06:57:16 [I] 当前时间:1584082636,重试时间:1584082585。未收到握手包应答
2020-03-13 06:57:16 [I] 101
2020-03-13 06:58:07 [I] 当前时间:1584082687,重试时间:1584082636。未收到握手包应答
2020-03-13 06:58:07 [I] 101
2020-03-13 06:58:58 [I] 当前时间:1584082738,重试时间:1584082687。未收到握手包应答
2020-03-13 06:58:58 [I] 101
2020-03-13 06:59:49 [I] 当前时间:1584082789,重试时间:1584082738。未收到握手包应答
2020-03-13 06:59:49 [I] 101
2020-03-13 07:00:40 [I] 当前时间:1584082840,重试时间:1584082789。未收到握手包应答
2020-03-13 07:00:40 [I] 101
2020-03-13 07:01:31 [I] 当前时间:1584082891,重试时间:1584082840。未收到握手包应答
2020-03-13 07:01:31 [I] 101
2020-03-13 07:02:22 [I] 当前时间:1584082942,重试时间:1584082891。未收到握手包应答
2020-03-13 07:02:22 [I] 101
2020-03-13 07:03:13 [I] 当前时间:1584082993,重试时间:1584082942。未收到握手包应答
2020-03-13 07:03:13 [I] 101
2020-03-13 07:04:04 [I] 当前时间:1584083044,重试时间:1584082993。未收到握手包应答
2020-03-13 07:04:04 [I] 101
2020-03-13 07:04:55 [I] 当前时间:1584083095,重试时间:1584083044。未收到握手包应答
2020-03-13 07:04:55 [I] 101
2020-03-13 07:05:46 [I] 当前时间:1584083146,重试时间:1584083095。未收到握手包应答
2020-03-13 07:05:46 [I] 101
2020-03-13 07:06:37 [I] 当前时间:1584083197,重试时间:1584083146。未收到握手包应答
2020-03-13 07:06:37 [I] 101
2020-03-13 07:07:28 [I] 当前时间:1584083248,重试时间:1584083197。未收到握手包应答
2020-03-13 07:07:28 [I] 101
2020-03-13 07:08:19 [I] 当前时间:1584083299,重试时间:1584083248。未收到握手包应答
2020-03-13 07:08:19 [I] 101
2020-03-13 07:09:10 [I] 当前时间:1584083350,重试时间:1584083299。未收到握手包应答
2020-03-13 07:09:10 [I] 101
2020-03-13 07:10:01 [I] 当前时间:1584083401,重试时间:1584083350。未收到握手包应答
2020-03-13 07:10:01 [I] 101
2020-03-13 07:10:52 [I] 当前时间:1584083452,重试时间:1584083401。未收到握手包应答
2020-03-13 07:10:52 [I] 101
2020-03-13 07:11:43 [I] 当前时间:1584083503,重试时间:1584083452。未收到握手包应答
2020-03-13 07:11:43 [I] 101
2020-03-13 07:12:34 [I] 当前时间:1584083554,重试时间:1584083503。未收到握手包应答
2020-03-13 07:12:34 [I] 101
2020-03-13 07:13:25 [I] 当前时间:1584083605,重试时间:1584083554。未收到握手包应答
2020-03-13 07:13:25 [I] 101
2020-03-13 07:14:16 [I] 当前时间:1584083656,重试时间:1584083605。未收到握手包应答
2020-03-13 07:14:16 [I] 101
2020-03-13 07:15:07 [I] 当前时间:1584083707,重试时间:1584083656。未收到握手包应答
2020-03-13 07:15:07 [I] 101
2020-03-13 07:15:58 [I] 当前时间:1584083758,重试时间:1584083707。未收到握手包应答
2020-03-13 07:15:58 [I] 101
2020-03-13 07:16:49 [I] 当前时间:1584083809,重试时间:1584083758。未收到握手包应答
2020-03-13 07:16:49 [I] 101
2020-03-13 07:17:40 [I] 当前时间:1584083860,重试时间:1584083809。未收到握手包应答
2020-03-13 07:17:40 [I] 101
2020-03-13 07:18:31 [I] 当前时间:1584083911,重试时间:1584083860。未收到握手包应答
2020-03-13 07:18:31 [I] 101
2020-03-13 07:19:22 [I] 当前时间:1584083962,重试时间:1584083911。未收到握手包应答
2020-03-13 07:19:22 [I] 101
2020-03-13 07:20:13 [I] 当前时间:1584084013,重试时间:1584083962。未收到握手包应答
2020-03-13 07:20:13 [I] 101
2020-03-13 07:21:04 [I] 当前时间:1584084064,重试时间:1584084013。未收到握手包应答
2020-03-13 07:21:04 [I] 101
2020-03-13 07:21:55 [I] 当前时间:1584084115,重试时间:1584084064。未收到握手包应答
2020-03-13 07:21:55 [I] 101
2020-03-13 07:22:46 [I] 当前时间:1584084166,重试时间:1584084115。未收到握手包应答
2020-03-13 07:22:46 [I] 101
2020-03-13 07:23:37 [I] 当前时间:1584084217,重试时间:1584084166。未收到握手包应答
2020-03-13 07:23:37 [I] 101
2020-03-13 07:24:28 [I] 当前时间:1584084268,重试时间:1584084217。未收到握手包应答
2020-03-13 07:24:28 [I] 101
2020-03-13 07:25:19 [I] 当前时间:1584084319,重试时间:1584084268。未收到握手包应答
2020-03-13 07:25:19 [I] 101
2020-03-13 07:26:10 [I] 当前时间:1584084370,重试时间:1584084319。未收到握手包应答
2020-03-13 07:26:10 [I] 101
2020-03-13 07:27:01 [I] 当前时间:1584084421,重试时间:1584084370。未收到握手包应答
2020-03-13 07:27:01 [I] 101
2020-03-13 07:27:52 [I] 当前时间:1584084472,重试时间:1584084421。未收到握手包应答
2020-03-13 07:27:52 [I] 101
2020-03-13 07:28:43 [I] 当前时间:1584084523,重试时间:1584084472。未收到握手包应答
2020-03-13 07:28:43 [I] 101
2020-03-13 07:29:34 [I] 当前时间:1584084574,重试时间:1584084523。未收到握手包应答
2020-03-13 07:29:34 [I] 101
2020-03-13 07:30:25 [I] 当前时间:1584084625,重试时间:1584084574。未收到握手包应答
2020-03-13 07:30:25 [I] 101
2020-03-13 07:31:16 [I] 当前时间:1584084676,重试时间:1584084625。未收到握手包应答
2020-03-13 07:31:16 [I] 101
2020-03-13 07:32:07 [I] 当前时间:1584084727,重试时间:1584084676。未收到握手包应答
2020-03-13 07:32:07 [I] 101
2020-03-13 07:32:58 [I] 当前时间:1584084778,重试时间:1584084727。未收到握手包应答
2020-03-13 07:32:58 [I] 101
2020-03-13 07:33:49 [I] 当前时间:1584084829,重试时间:1584084778。未收到握手包应答
2020-03-13 07:33:49 [I] 101
2020-03-13 07:34:40 [I] 当前时间:1584084880,重试时间:1584084829。未收到握手包应答
2020-03-13 07:34:40 [I] 101
2020-03-13 07:35:31 [I] 当前时间:1584084931,重试时间:1584084880。未收到握手包应答
2020-03-13 07:35:31 [I] 101
2020-03-13 07:36:22 [I] 当前时间:1584084982,重试时间:1584084931。未收到握手包应答
2020-03-13 07:36:22 [I] 101
2020-03-13 07:37:13 [I] 当前时间:1584085033,重试时间:1584084982。未收到握手包应答
2020-03-13 07:37:13 [I] 101
2020-03-13 07:38:04 [I] 当前时间:1584085084,重试时间:1584085033。未收到握手包应答
2020-03-13 07:38:04 [I] 101
2020-03-13 07:38:55 [I] 当前时间:1584085135,重试时间:1584085084。未收到握手包应答
2020-03-13 07:38:55 [I] 101
2020-03-13 07:39:46 [I] 当前时间:1584085186,重试时间:1584085135。未收到握手包应答
2020-03-13 07:39:46 [I] 101
2020-03-13 07:40:37 [I] 当前时间:1584085237,重试时间:1584085186。未收到握手包应答
2020-03-13 07:40:37 [I] 101
2020-03-13 07:41:28 [I] 当前时间:1584085288,重试时间:1584085237。未收到握手包应答
2020-03-13 07:41:28 [I] 101
2020-03-13 07:42:19 [I] 当前时间:1584085339,重试时间:1584085288。未收到握手包应答
2020-03-13 07:42:19 [I] 101
2020-03-13 07:43:10 [I] 当前时间:1584085390,重试时间:1584085339。未收到握手包应答
2020-03-13 07:43:10 [I] 101
2020-03-13 07:44:01 [I] 当前时间:1584085441,重试时间:1584085390。未收到握手包应答
2020-03-13 07:44:01 [I] 101
2020-03-13 07:44:52 [I] 当前时间:1584085492,重试时间:1584085441。未收到握手包应答
2020-03-13 07:44:52 [I] 101
2020-03-13 07:45:43 [I] 当前时间:1584085543,重试时间:1584085492。未收到握手包应答
2020-03-13 07:45:43 [I] 101
2020-03-13 07:46:34 [I] 当前时间:1584085594,重试时间:1584085543。未收到握手包应答
2020-03-13 07:46:34 [I] 101
2020-03-13 07:47:25 [I] 当前时间:1584085645,重试时间:1584085594。未收到握手包应答
2020-03-13 07:47:25 [I] 101
2020-03-13 07:48:16 [I] 当前时间:1584085696,重试时间:1584085645。未收到握手包应答
2020-03-13 07:48:16 [I] 101
2020-03-13 07:49:07 [I] 当前时间:1584085747,重试时间:1584085696。未收到握手包应答
2020-03-13 07:49:07 [I] 101
2020-03-13 07:49:58 [I] 当前时间:1584085798,重试时间:1584085747。未收到握手包应答
2020-03-13 07:49:58 [I] 101
2020-03-13 07:50:49 [I] 当前时间:1584085849,重试时间:1584085798。未收到握手包应答
2020-03-13 07:50:49 [I] 101
2020-03-13 07:51:40 [I] 当前时间:1584085900,重试时间:1584085849。未收到握手包应答
2020-03-13 07:51:40 [I] 101
2020-03-13 07:52:31 [I] 当前时间:1584085951,重试时间:1584085900。未收到握手包应答
2020-03-13 07:52:31 [I] 101
2020-03-13 07:53:22 [I] 当前时间:1584086002,重试时间:1584085951。未收到握手包应答
2020-03-13 07:53:22 [I] 101
2020-03-13 07:54:13 [I] 当前时间:1584086053,重试时间:1584086002。未收到握手包应答
2020-03-13 07:54:13 [I] 101
2020-03-13 07:55:04 [I] 当前时间:1584086104,重试时间:1584086053。未收到握手包应答
2020-03-13 07:55:04 [I] 101
2020-03-13 07:55:55 [I] 当前时间:1584086155,重试时间:1584086104。未收到握手包应答
2020-03-13 07:55:55 [I] 101
2020-03-13 07:56:46 [I] 当前时间:1584086206,重试时间:1584086155。未收到握手包应答
2020-03-13 07:56:46 [I] 101
2020-03-13 07:57:37 [I] 当前时间:1584086257,重试时间:1584086206。未收到握手包应答
2020-03-13 07:57:37 [I] 101
2020-03-13 07:58:28 [I] 当前时间:1584086308,重试时间:1584086257。未收到握手包应答
2020-03-13 07:58:28 [I] 101
2020-03-13 07:59:19 [I] 当前时间:1584086359,重试时间:1584086308。未收到握手包应答
2020-03-13 07:59:19 [I] 101
2020-03-13 08:00:10 [I] 当前时间:1584086410,重试时间:1584086359。未收到握手包应答
2020-03-13 08:00:10 [I] 101
2020-03-13 08:01:01 [I] 当前时间:1584086461,重试时间:1584086410。未收到握手包应答
2020-03-13 08:01:01 [I] 101
2020-03-13 08:01:52 [I] 当前时间:1584086512,重试时间:1584086461。未收到握手包应答
2020-03-13 08:01:52 [I] 101
2020-03-13 08:02:43 [I] 当前时间:1584086563,重试时间:1584086512。未收到握手包应答
2020-03-13 08:02:43 [I] 101
2020-03-13 08:03:34 [I] 当前时间:1584086614,重试时间:1584086563。未收到握手包应答
2020-03-13 08:03:34 [I] 101
2020-03-13 08:04:25 [I] 当前时间:1584086665,重试时间:1584086614。未收到握手包应答
2020-03-13 08:04:25 [I] 101
2020-03-13 08:05:16 [I] 当前时间:1584086716,重试时间:1584086665。未收到握手包应答
2020-03-13 08:05:16 [I] 101
2020-03-13 08:06:07 [I] 当前时间:1584086767,重试时间:1584086716。未收到握手包应答
2020-03-13 08:06:07 [I] 101
2020-03-13 08:06:58 [I] 当前时间:1584086818,重试时间:1584086767。未收到握手包应答
2020-03-13 08:06:58 [I] 101
2020-03-13 08:07:49 [I] 当前时间:1584086869,重试时间:1584086818。未收到握手包应答
2020-03-13 08:07:49 [I] 101
2020-03-13 08:08:40 [I] 当前时间:1584086920,重试时间:1584086869。未收到握手包应答
2020-03-13 08:08:40 [I] 101
2020-03-13 08:09:31 [I] 当前时间:1584086971,重试时间:1584086920。未收到握手包应答
2020-03-13 08:09:31 [I] 101
2020-03-13 08:10:22 [I] 当前时间:1584087022,重试时间:1584086971。未收到握手包应答
2020-03-13 08:10:22 [I] 101
2020-03-13 08:11:13 [I] 当前时间:1584087073,重试时间:1584087022。未收到握手包应答
2020-03-13 08:11:13 [I] 101
2020-03-13 08:12:04 [I] 当前时间:1584087124,重试时间:1584087073。未收到握手包应答
2020-03-13 08:12:04 [I] 101
2020-03-13 08:12:55 [I] 当前时间:1584087175,重试时间:1584087124。未收到握手包应答
2020-03-13 08:12:55 [I] 101
2020-03-13 08:13:46 [I] 当前时间:1584087226,重试时间:1584087175。未收到握手包应答
2020-03-13 08:13:46 [I] 101
2020-03-13 08:14:37 [I] 当前时间:1584087277,重试时间:1584087226。未收到握手包应答
2020-03-13 08:14:37 [I] 101
2020-03-13 08:15:28 [I] 当前时间:1584087328,重试时间:1584087277。未收到握手包应答
2020-03-13 08:15:28 [I] 101
2020-03-13 08:16:19 [I] 当前时间:1584087379,重试时间:1584087328。未收到握手包应答
2020-03-13 08:16:19 [I] 101
2020-03-13 08:17:10 [I] 当前时间:1584087430,重试时间:1584087379。未收到握手包应答
2020-03-13 08:17:10 [I] 101
2020-03-13 08:18:01 [I] 当前时间:1584087481,重试时间:1584087430。未收到握手包应答
2020-03-13 08:18:01 [I] 101
2020-03-13 08:18:52 [I] 当前时间:1584087532,重试时间:1584087481。未收到握手包应答
2020-03-13 08:18:52 [I] 101
2020-03-13 08:19:43 [I] 当前时间:1584087583,重试时间:1584087532。未收到握手包应答
2020-03-13 08:19:43 [I] 101
2020-03-13 08:20:34 [I] 当前时间:1584087634,重试时间:1584087583。未收到握手包应答
2020-03-13 08:20:34 [I] 101
2020-03-13 08:21:25 [I] 当前时间:1584087685,重试时间:1584087634。未收到握手包应答
2020-03-13 08:21:25 [I] 101
2020-03-13 08:22:16 [I] 当前时间:1584087736,重试时间:1584087685。未收到握手包应答
2020-03-13 08:22:16 [I] 101
2020-03-13 08:23:07 [I] 当前时间:1584087787,重试时间:1584087736。未收到握手包应答
2020-03-13 08:23:07 [I] 101
2020-03-13 08:23:58 [I] 当前时间:1584087838,重试时间:1584087787。未收到握手包应答
2020-03-13 08:23:58 [I] 101
2020-03-13 08:24:49 [I] 当前时间:1584087889,重试时间:1584087838。未收到握手包应答
2020-03-13 08:24:49 [I] 101
2020-03-13 08:25:40 [I] 当前时间:1584087940,重试时间:1584087889。未收到握手包应答
2020-03-13 08:25:40 [I] 101
2020-03-13 08:26:31 [I] 当前时间:1584087991,重试时间:1584087940。未收到握手包应答
2020-03-13 08:26:31 [I] 101
2020-03-13 08:27:22 [I] 当前时间:1584088042,重试时间:1584087991。未收到握手包应答
2020-03-13 08:27:22 [I] 101
2020-03-13 08:28:13 [I] 当前时间:1584088093,重试时间:1584088042。未收到握手包应答
2020-03-13 08:28:13 [I] 101
2020-03-13 08:29:04 [I] 当前时间:1584088144,重试时间:1584088093。未收到握手包应答
2020-03-13 08:29:04 [I] 101
2020-03-13 08:29:55 [I] 当前时间:1584088195,重试时间:1584088144。未收到握手包应答
2020-03-13 08:29:55 [I] 101
2020-03-13 08:30:46 [I] 当前时间:1584088246,重试时间:1584088195。未收到握手包应答
2020-03-13 08:30:46 [I] 101
2020-03-13 08:31:37 [I] 当前时间:1584088297,重试时间:1584088246。未收到握手包应答
2020-03-13 08:31:37 [I] 101
2020-03-13 08:32:28 [I] 当前时间:1584088348,重试时间:1584088297。未收到握手包应答
2020-03-13 08:32:28 [I] 101
2020-03-13 08:33:19 [I] 当前时间:1584088399,重试时间:1584088348。未收到握手包应答
2020-03-13 08:33:19 [I] 101
2020-03-13 08:34:10 [I] 当前时间:1584088450,重试时间:1584088399。未收到握手包应答
2020-03-13 08:34:10 [I] 101
2020-03-13 08:35:01 [I] 当前时间:1584088501,重试时间:1584088450。未收到握手包应答
2020-03-13 08:35:01 [I] 101
2020-03-13 08:35:52 [I] 当前时间:1584088552,重试时间:1584088501。未收到握手包应答
2020-03-13 08:35:52 [I] 101
2020-03-13 08:36:43 [I] 当前时间:1584088603,重试时间:1584088552。未收到握手包应答
2020-03-13 08:36:43 [I] 101
2020-03-13 08:37:34 [I] 当前时间:1584088654,重试时间:1584088603。未收到握手包应答
2020-03-13 08:37:34 [I] 101
2020-03-13 08:38:25 [I] 当前时间:1584088705,重试时间:1584088654。未收到握手包应答
2020-03-13 08:38:26 [I] 101
2020-03-13 08:39:16 [I] 当前时间:1584088756,重试时间:1584088705。未收到握手包应答
2020-03-13 08:39:16 [I] 101
2020-03-13 08:40:07 [I] 当前时间:1584088807,重试时间:1584088756。未收到握手包应答
2020-03-13 08:40:07 [I] 101
2020-03-13 08:40:58 [I] 当前时间:1584088858,重试时间:1584088807。未收到握手包应答
2020-03-13 08:40:58 [I] 101
2020-03-13 08:41:49 [I] 当前时间:1584088909,重试时间:1584088858。未收到握手包应答
2020-03-13 08:41:49 [I] 101
2020-03-13 08:42:40 [I] 当前时间:1584088960,重试时间:1584088909。未收到握手包应答
2020-03-13 08:42:40 [I] 101
2020-03-13 08:43:31 [I] 当前时间:1584089011,重试时间:1584088960。未收到握手包应答
2020-03-13 08:43:31 [I] 101
2020-03-13 08:44:22 [I] 当前时间:1584089062,重试时间:1584089011。未收到握手包应答
2020-03-13 08:44:22 [I] 101
2020-03-13 08:45:13 [I] 当前时间:1584089113,重试时间:1584089062。未收到握手包应答
2020-03-13 08:45:13 [I] 101
2020-03-13 08:46:04 [I] 当前时间:1584089164,重试时间:1584089113。未收到握手包应答
2020-03-13 08:46:04 [I] 101
2020-03-13 08:46:55 [I] 当前时间:1584089215,重试时间:1584089164。未收到握手包应答
2020-03-13 08:46:55 [I] 101
2020-03-13 08:47:46 [I] 当前时间:1584089266,重试时间:1584089215。未收到握手包应答
2020-03-13 08:47:46 [I] 101
2020-03-13 08:48:37 [I] 当前时间:1584089317,重试时间:1584089266。未收到握手包应答
2020-03-13 08:48:37 [I] 101
2020-03-13 08:49:28 [I] 当前时间:1584089368,重试时间:1584089317。未收到握手包应答
2020-03-13 08:49:28 [I] 101
2020-03-13 08:50:19 [I] 当前时间:1584089419,重试时间:1584089368。未收到握手包应答
2020-03-13 08:50:19 [I] 101
2020-03-13 08:51:10 [I] 当前时间:1584089470,重试时间:1584089419。未收到握手包应答
2020-03-13 08:51:10 [I] 101
2020-03-13 08:52:01 [I] 当前时间:1584089521,重试时间:1584089470。未收到握手包应答
2020-03-13 08:52:01 [I] 101
2020-03-13 08:52:52 [I] 当前时间:1584089572,重试时间:1584089521。未收到握手包应答
2020-03-13 08:52:52 [I] 101
2020-03-13 08:53:43 [I] 当前时间:1584089623,重试时间:1584089572。未收到握手包应答
2020-03-13 08:53:43 [I] 101
2020-03-13 08:54:34 [I] 当前时间:1584089674,重试时间:1584089623。未收到握手包应答
2020-03-13 08:54:34 [I] 101
2020-03-13 08:55:25 [I] 当前时间:1584089725,重试时间:1584089674。未收到握手包应答
2020-03-13 08:55:25 [I] 101
2020-03-13 08:56:16 [I] 当前时间:1584089776,重试时间:1584089725。未收到握手包应答
2020-03-13 08:56:16 [I] 101
2020-03-13 08:57:07 [I] 当前时间:1584089827,重试时间:1584089776。未收到握手包应答
2020-03-13 08:57:07 [I] 101
2020-03-13 08:57:58 [I] 当前时间:1584089878,重试时间:1584089827。未收到握手包应答
2020-03-13 08:57:58 [I] 101
2020-03-13 08:58:49 [I] 当前时间:1584089929,重试时间:1584089878。未收到握手包应答
2020-03-13 08:58:49 [I] 101
2020-03-13 08:59:40 [I] 当前时间:1584089980,重试时间:1584089929。未收到握手包应答
2020-03-13 08:59:40 [I] 101
2020-03-13 09:00:31 [I] 当前时间:1584090031,重试时间:1584089980。未收到握手包应答
2020-03-13 09:00:31 [I] 101
2020-03-13 09:01:22 [I] 当前时间:1584090082,重试时间:1584090031。未收到握手包应答
2020-03-13 09:01:22 [I] 101
2020-03-13 09:02:13 [I] 当前时间:1584090133,重试时间:1584090082。未收到握手包应答
2020-03-13 09:02:13 [I] 101
2020-03-13 09:03:04 [I] 当前时间:1584090184,重试时间:1584090133。未收到握手包应答
2020-03-13 09:03:04 [I] 101
2020-03-13 09:03:55 [I] 当前时间:1584090235,重试时间:1584090184。未收到握手包应答
2020-03-13 09:03:55 [I] 101
2020-03-13 09:04:46 [I] 当前时间:1584090286,重试时间:1584090235。未收到握手包应答
2020-03-13 09:04:46 [I] 101
2020-03-13 09:05:37 [I] 当前时间:1584090337,重试时间:1584090286。未收到握手包应答
2020-03-13 09:05:37 [I] 101
2020-03-13 09:06:28 [I] 当前时间:1584090388,重试时间:1584090337。未收到握手包应答
2020-03-13 09:06:28 [I] 101
2020-03-13 09:07:19 [I] 当前时间:1584090439,重试时间:1584090388。未收到握手包应答
2020-03-13 09:07:19 [I] 101
2020-03-13 09:08:10 [I] 当前时间:1584090490,重试时间:1584090439。未收到握手包应答
2020-03-13 09:08:10 [I] 101
2020-03-13 09:09:01 [I] 当前时间:1584090541,重试时间:1584090490。未收到握手包应答
2020-03-13 09:09:01 [I] 101
2020-03-13 09:09:52 [I] 当前时间:1584090592,重试时间:1584090541。未收到握手包应答
2020-03-13 09:09:52 [I] 101
2020-03-13 09:10:43 [I] 当前时间:1584090643,重试时间:1584090592。未收到握手包应答
2020-03-13 09:10:43 [I] 101
2020-03-13 09:11:34 [I] 当前时间:1584090694,重试时间:1584090643。未收到握手包应答
2020-03-13 09:11:34 [I] 101
2020-03-13 09:12:25 [I] 当前时间:1584090745,重试时间:1584090694。未收到握手包应答
2020-03-13 09:12:25 [I] 101
2020-03-13 09:13:16 [I] 当前时间:1584090796,重试时间:1584090745。未收到握手包应答
2020-03-13 09:13:16 [I] 101
2020-03-13 09:14:07 [I] 当前时间:1584090847,重试时间:1584090796。未收到握手包应答
2020-03-13 09:14:07 [I] 101
2020-03-13 09:14:58 [I] 当前时间:1584090898,重试时间:1584090847。未收到握手包应答
2020-03-13 09:14:58 [I] 101
2020-03-13 09:15:49 [I] 当前时间:1584090949,重试时间:1584090898。未收到握手包应答
2020-03-13 09:15:49 [I] 101
2020-03-13 09:16:40 [I] 当前时间:1584091000,重试时间:1584090949。未收到握手包应答
2020-03-13 09:16:40 [I] 101
2020-03-13 09:17:31 [I] 当前时间:1584091051,重试时间:1584091000。未收到握手包应答
2020-03-13 09:17:31 [I] 101
2020-03-13 09:18:22 [I] 当前时间:1584091102,重试时间:1584091051。未收到握手包应答
2020-03-13 09:18:22 [I] 101
2020-03-13 09:19:13 [I] 当前时间:1584091153,重试时间:1584091102。未收到握手包应答
2020-03-13 09:19:13 [I] 101
2020-03-13 09:20:04 [I] 当前时间:1584091204,重试时间:1584091153。未收到握手包应答
2020-03-13 09:20:04 [I] 101
2020-03-13 09:20:55 [I] 当前时间:1584091255,重试时间:1584091204。未收到握手包应答
2020-03-13 09:20:55 [I] 101
2020-03-13 09:21:46 [I] 当前时间:1584091306,重试时间:1584091255。未收到握手包应答
2020-03-13 09:21:46 [I] 101
2020-03-13 09:22:37 [I] 当前时间:1584091357,重试时间:1584091306。未收到握手包应答
2020-03-13 09:22:37 [I] 101
2020-03-13 09:23:28 [I] 当前时间:1584091408,重试时间:1584091357。未收到握手包应答
2020-03-13 09:23:28 [I] 101
2020-03-13 09:24:19 [I] 当前时间:1584091459,重试时间:1584091408。未收到握手包应答
2020-03-13 09:24:19 [I] 101
2020-03-13 09:25:10 [I] 当前时间:1584091510,重试时间:1584091459。未收到握手包应答
2020-03-13 09:25:10 [I] 101
2020-03-13 09:26:01 [I] 当前时间:1584091561,重试时间:1584091510。未收到握手包应答
2020-03-13 09:26:01 [I] 101
2020-03-13 09:26:52 [I] 当前时间:1584091612,重试时间:1584091561。未收到握手包应答
2020-03-13 09:26:52 [I] 101
2020-03-13 09:27:43 [I] 当前时间:1584091663,重试时间:1584091612。未收到握手包应答
2020-03-13 09:27:43 [I] 101
2020-03-13 09:28:34 [I] 当前时间:1584091714,重试时间:1584091663。未收到握手包应答
2020-03-13 09:28:34 [I] 101
2020-03-13 09:29:25 [I] 当前时间:1584091765,重试时间:1584091714。未收到握手包应答
2020-03-13 09:29:25 [I] 101
2020-03-13 09:30:16 [I] 当前时间:1584091816,重试时间:1584091765。未收到握手包应答
2020-03-13 09:30:16 [I] 101
2020-03-13 09:31:07 [I] 当前时间:1584091867,重试时间:1584091816。未收到握手包应答
2020-03-13 09:31:07 [I] 101
2020-03-13 09:31:58 [I] 当前时间:1584091918,重试时间:1584091867。未收到握手包应答
2020-03-13 09:31:58 [I] 101
2020-03-13 09:32:49 [I] 当前时间:1584091969,重试时间:1584091918。未收到握手包应答
2020-03-13 09:32:49 [I] 101
2020-03-13 09:33:40 [I] 当前时间:1584092020,重试时间:1584091969。未收到握手包应答
2020-03-13 09:33:40 [I] 101
2020-03-13 09:34:31 [I] 当前时间:1584092071,重试时间:1584092020。未收到握手包应答
2020-03-13 09:34:31 [I] 101
2020-03-13 09:35:22 [I] 当前时间:1584092122,重试时间:1584092071。未收到握手包应答
2020-03-13 09:35:22 [I] 101
2020-03-13 09:36:13 [I] 当前时间:1584092173,重试时间:1584092122。未收到握手包应答
2020-03-13 09:36:13 [I] 101
2020-03-13 09:37:04 [I] 当前时间:1584092224,重试时间:1584092173。未收到握手包应答
2020-03-13 09:37:04 [I] 101
2020-03-13 09:37:55 [I] 当前时间:1584092275,重试时间:1584092224。未收到握手包应答
2020-03-13 09:37:55 [I] 101
2020-03-13 09:38:46 [I] 当前时间:1584092326,重试时间:1584092275。未收到握手包应答
2020-03-13 09:38:46 [I] 101
2020-03-13 09:39:37 [I] 当前时间:1584092377,重试时间:1584092326。未收到握手包应答
2020-03-13 09:39:37 [I] 101
2020-03-13 09:40:28 [I] 当前时间:1584092428,重试时间:1584092377。未收到握手包应答
2020-03-13 09:40:28 [I] 101
2020-03-13 09:41:19 [I] 当前时间:1584092479,重试时间:1584092428。未收到握手包应答
2020-03-13 09:41:19 [I] 101
2020-03-13 09:42:10 [I] 当前时间:1584092530,重试时间:1584092479。未收到握手包应答
2020-03-13 09:42:10 [I] 101
2020-03-13 09:43:01 [I] 当前时间:1584092581,重试时间:1584092530。未收到握手包应答
2020-03-13 09:43:01 [I] 101
2020-03-13 09:43:52 [I] 当前时间:1584092632,重试时间:1584092581。未收到握手包应答
2020-03-13 09:43:52 [I] 101
2020-03-13 09:44:43 [I] 当前时间:1584092683,重试时间:1584092632。未收到握手包应答
2020-03-13 09:44:43 [I] 101
2020-03-13 09:45:34 [I] 当前时间:1584092734,重试时间:1584092683。未收到握手包应答
2020-03-13 09:45:34 [I] 101
2020-03-13 09:46:25 [I] 当前时间:1584092785,重试时间:1584092734。未收到握手包应答
2020-03-13 09:46:25 [I] 101
2020-03-13 09:47:16 [I] 当前时间:1584092836,重试时间:1584092785。未收到握手包应答
2020-03-13 09:47:16 [I] 101
2020-03-13 09:48:07 [I] 当前时间:1584092887,重试时间:1584092836。未收到握手包应答
2020-03-13 09:48:07 [I] 101
2020-03-13 09:48:58 [I] 当前时间:1584092938,重试时间:1584092887。未收到握手包应答
2020-03-13 09:48:58 [I] 101
2020-03-13 09:49:49 [I] 当前时间:1584092989,重试时间:1584092938。未收到握手包应答
2020-03-13 09:49:49 [I] 101
2020-03-13 09:50:40 [I] 当前时间:1584093040,重试时间:1584092989。未收到握手包应答
2020-03-13 09:50:40 [I] 101
2020-03-13 09:51:31 [I] 当前时间:1584093091,重试时间:1584093040。未收到握手包应答
2020-03-13 09:51:31 [I] 101
2020-03-13 09:52:22 [I] 当前时间:1584093142,重试时间:1584093091。未收到握手包应答
2020-03-13 09:52:22 [I] 101
2020-03-13 09:53:13 [I] 当前时间:1584093193,重试时间:1584093142。未收到握手包应答
2020-03-13 09:53:13 [I] 101
2020-03-13 09:54:04 [I] 当前时间:1584093244,重试时间:1584093193。未收到握手包应答
2020-03-13 09:54:04 [I] 101
2020-03-13 09:54:55 [I] 当前时间:1584093295,重试时间:1584093244。未收到握手包应答
2020-03-13 09:54:55 [I] 101
2020-03-13 09:55:46 [I] 当前时间:1584093346,重试时间:1584093295。未收到握手包应答
2020-03-13 09:55:46 [I] 101
2020-03-13 09:56:37 [I] 当前时间:1584093397,重试时间:1584093346。未收到握手包应答
2020-03-13 09:56:37 [I] 101
2020-03-13 09:57:28 [I] 当前时间:1584093448,重试时间:1584093397。未收到握手包应答
2020-03-13 09:57:28 [I] 101
2020-03-13 09:58:19 [I] 当前时间:1584093499,重试时间:1584093448。未收到握手包应答
2020-03-13 09:58:19 [I] 101
2020-03-13 09:59:10 [I] 当前时间:1584093550,重试时间:1584093499。未收到握手包应答
2020-03-13 09:59:10 [I] 101
2020-03-13 10:00:01 [I] 当前时间:1584093601,重试时间:1584093550。未收到握手包应答
2020-03-13 10:00:01 [I] 101
2020-03-13 10:00:52 [I] 当前时间:1584093652,重试时间:1584093601。未收到握手包应答
2020-03-13 10:00:52 [I] 101
2020-03-13 10:01:43 [I] 当前时间:1584093703,重试时间:1584093652。未收到握手包应答
2020-03-13 10:01:43 [I] 101
2020-03-13 10:02:34 [I] 当前时间:1584093754,重试时间:1584093703。未收到握手包应答
2020-03-13 10:02:34 [I] 101
2020-03-13 10:03:25 [I] 当前时间:1584093805,重试时间:1584093754。未收到握手包应答
2020-03-13 10:03:25 [I] 101
2020-03-13 10:04:16 [I] 当前时间:1584093856,重试时间:1584093805。未收到握手包应答
2020-03-13 10:04:16 [I] 101
2020-03-13 10:05:07 [I] 当前时间:1584093907,重试时间:1584093856。未收到握手包应答
2020-03-13 10:05:07 [I] 101
2020-03-13 10:05:58 [I] 当前时间:1584093958,重试时间:1584093907。未收到握手包应答
2020-03-13 10:05:58 [I] 101
2020-03-13 10:06:49 [I] 当前时间:1584094009,重试时间:1584093958。未收到握手包应答
2020-03-13 10:06:49 [I] 101
2020-03-13 10:07:40 [I] 当前时间:1584094060,重试时间:1584094009。未收到握手包应答
2020-03-13 10:07:40 [I] 101
2020-03-13 10:08:31 [I] 当前时间:1584094111,重试时间:1584094060。未收到握手包应答
2020-03-13 10:08:31 [I] 101
2020-03-13 10:09:22 [I] 当前时间:1584094162,重试时间:1584094111。未收到握手包应答
2020-03-13 10:09:22 [I] 101
2020-03-13 10:10:13 [I] 当前时间:1584094213,重试时间:1584094162。未收到握手包应答
2020-03-13 10:10:13 [I] 101
2020-03-13 10:11:04 [I] 当前时间:1584094264,重试时间:1584094213。未收到握手包应答
2020-03-13 10:11:04 [I] 101
2020-03-13 10:11:55 [I] 当前时间:1584094315,重试时间:1584094264。未收到握手包应答
2020-03-13 10:11:55 [I] 101
2020-03-13 10:12:46 [I] 当前时间:1584094366,重试时间:1584094315。未收到握手包应答
2020-03-13 10:12:46 [I] 101
2020-03-13 10:13:37 [I] 当前时间:1584094417,重试时间:1584094366。未收到握手包应答
2020-03-13 10:13:37 [I] 101
2020-03-13 10:14:28 [I] 当前时间:1584094468,重试时间:1584094417。未收到握手包应答
2020-03-13 10:14:28 [I] 101
2020-03-13 10:15:19 [I] 当前时间:1584094519,重试时间:1584094468。未收到握手包应答
2020-03-13 10:15:19 [I] 101
2020-03-13 10:16:10 [I] 当前时间:1584094570,重试时间:1584094519。未收到握手包应答
2020-03-13 10:16:10 [I] 101
2020-03-13 10:17:01 [I] 当前时间:1584094621,重试时间:1584094570。未收到握手包应答
2020-03-13 10:17:01 [I] 101
2020-03-13 10:17:52 [I] 当前时间:1584094672,重试时间:1584094621。未收到握手包应答
2020-03-13 10:17:52 [I] 101
2020-03-13 10:18:43 [I] 当前时间:1584094723,重试时间:1584094672。未收到握手包应答
2020-03-13 10:18:43 [I] 101
2020-03-13 10:19:34 [I] 当前时间:1584094774,重试时间:1584094723。未收到握手包应答
2020-03-13 10:19:34 [I] 101
2020-03-13 10:20:25 [I] 当前时间:1584094825,重试时间:1584094774。未收到握手包应答
2020-03-13 10:20:25 [I] 101
2020-03-13 10:21:16 [I] 当前时间:1584094876,重试时间:1584094825。未收到握手包应答
2020-03-13 10:21:16 [I] 101
2020-03-13 10:22:07 [I] 当前时间:1584094927,重试时间:1584094876。未收到握手包应答
2020-03-13 10:22:07 [I] 101
2020-03-13 10:22:58 [I] 当前时间:1584094978,重试时间:1584094927。未收到握手包应答
2020-03-13 10:22:58 [I] 101
2020-03-13 10:23:49 [I] 当前时间:1584095029,重试时间:1584094978。未收到握手包应答
2020-03-13 10:23:49 [I] 101
2020-03-13 10:24:40 [I] 当前时间:1584095080,重试时间:1584095029。未收到握手包应答
2020-03-13 10:24:40 [I] 101
2020-03-13 10:25:31 [I] 当前时间:1584095131,重试时间:1584095080。未收到握手包应答
2020-03-13 10:25:31 [I] 101
2020-03-13 10:26:22 [I] 当前时间:1584095182,重试时间:1584095131。未收到握手包应答
2020-03-13 10:26:22 [I] 101
2020-03-13 10:27:13 [I] 当前时间:1584095233,重试时间:1584095182。未收到握手包应答
2020-03-13 10:27:13 [I] 101
2020-03-13 10:28:04 [I] 当前时间:1584095284,重试时间:1584095233。未收到握手包应答
2020-03-13 10:28:04 [I] 101
2020-03-13 10:28:55 [I] 当前时间:1584095335,重试时间:1584095284。未收到握手包应答
2020-03-13 10:28:55 [I] 101
2020-03-13 10:29:46 [I] 当前时间:1584095386,重试时间:1584095335。未收到握手包应答
2020-03-13 10:29:46 [I] 101
2020-03-13 10:30:37 [I] 当前时间:1584095437,重试时间:1584095386。未收到握手包应答
2020-03-13 10:30:37 [I] 101
2020-03-13 10:31:28 [I] 当前时间:1584095488,重试时间:1584095437。未收到握手包应答
2020-03-13 10:31:28 [I] 101
2020-03-13 10:32:19 [I] 当前时间:1584095539,重试时间:1584095488。未收到握手包应答
2020-03-13 10:32:19 [I] 101
2020-03-13 10:33:10 [I] 当前时间:1584095590,重试时间:1584095539。未收到握手包应答
2020-03-13 10:33:10 [I] 101
2020-03-13 10:34:01 [I] 当前时间:1584095641,重试时间:1584095590。未收到握手包应答
2020-03-13 10:34:01 [I] 101
2020-03-13 10:34:52 [I] 当前时间:1584095692,重试时间:1584095641。未收到握手包应答
2020-03-13 10:34:52 [I] 101
2020-03-13 10:35:43 [I] 当前时间:1584095743,重试时间:1584095692。未收到握手包应答
2020-03-13 10:35:43 [I] 101
2020-03-13 10:36:34 [I] 当前时间:1584095794,重试时间:1584095743。未收到握手包应答
2020-03-13 10:36:34 [I] 101
2020-03-13 10:37:25 [I] 当前时间:1584095845,重试时间:1584095794。未收到握手包应答
2020-03-13 10:37:25 [I] 101
2020-03-13 10:38:16 [I] 当前时间:1584095896,重试时间:1584095845。未收到握手包应答
2020-03-13 10:38:16 [I] 101
2020-03-13 10:39:07 [I] 当前时间:1584095947,重试时间:1584095896。未收到握手包应答
2020-03-13 10:39:07 [I] 101
2020-03-13 10:39:58 [I] 当前时间:1584095998,重试时间:1584095947。未收到握手包应答
2020-03-13 10:39:58 [I] 101
2020-03-13 10:40:49 [I] 当前时间:1584096049,重试时间:1584095998。未收到握手包应答
2020-03-13 10:40:49 [I] 101
2020-03-13 10:41:40 [I] 当前时间:1584096100,重试时间:1584096049。未收到握手包应答
2020-03-13 10:41:40 [I] 101
2020-03-13 10:42:31 [I] 当前时间:1584096151,重试时间:1584096100。未收到握手包应答
2020-03-13 10:42:31 [I] 101
2020-03-13 10:43:22 [I] 当前时间:1584096202,重试时间:1584096151。未收到握手包应答
2020-03-13 10:43:22 [I] 101
2020-03-13 10:44:13 [I] 当前时间:1584096253,重试时间:1584096202。未收到握手包应答
2020-03-13 10:44:13 [I] 101
2020-03-13 10:45:04 [I] 当前时间:1584096304,重试时间:1584096253。未收到握手包应答
2020-03-13 10:45:04 [I] 101
2020-03-13 10:45:55 [I] 当前时间:1584096355,重试时间:1584096304。未收到握手包应答
2020-03-13 10:45:55 [I] 101
2020-03-13 10:46:46 [I] 当前时间:1584096406,重试时间:1584096355。未收到握手包应答
2020-03-13 10:46:46 [I] 101
2020-03-13 10:47:37 [I] 当前时间:1584096457,重试时间:1584096406。未收到握手包应答
2020-03-13 10:47:37 [I] 101
2020-03-13 10:48:28 [I] 当前时间:1584096508,重试时间:1584096457。未收到握手包应答
2020-03-13 10:48:28 [I] 101
2020-03-13 10:49:19 [I] 当前时间:1584096559,重试时间:1584096508。未收到握手包应答
2020-03-13 10:49:19 [I] 101
2020-03-13 10:50:10 [I] 当前时间:1584096610,重试时间:1584096559。未收到握手包应答
2020-03-13 10:50:10 [I] 101
2020-03-13 10:51:01 [I] 当前时间:1584096661,重试时间:1584096610。未收到握手包应答
2020-03-13 10:51:01 [I] 101
2020-03-13 10:51:52 [I] 当前时间:1584096712,重试时间:1584096661。未收到握手包应答
2020-03-13 10:51:52 [I] 101
2020-03-13 10:52:43 [I] 当前时间:1584096763,重试时间:1584096712。未收到握手包应答
2020-03-13 10:52:43 [I] 101
2020-03-13 10:53:34 [I] 当前时间:1584096814,重试时间:1584096763。未收到握手包应答
2020-03-13 10:53:34 [I] 101
2020-03-13 10:54:25 [I] 当前时间:1584096865,重试时间:1584096814。未收到握手包应答
2020-03-13 10:54:25 [I] 101
2020-03-13 10:55:16 [I] 当前时间:1584096916,重试时间:1584096865。未收到握手包应答
2020-03-13 10:55:16 [I] 101
2020-03-13 10:56:07 [I] 当前时间:1584096967,重试时间:1584096916。未收到握手包应答
2020-03-13 10:56:07 [I] 101
2020-03-13 10:56:58 [I] 当前时间:1584097018,重试时间:1584096967。未收到握手包应答
2020-03-13 10:56:58 [I] 101
2020-03-13 10:57:49 [I] 当前时间:1584097069,重试时间:1584097018。未收到握手包应答
2020-03-13 10:57:49 [I] 101
2020-03-13 10:58:40 [I] 当前时间:1584097120,重试时间:1584097069。未收到握手包应答
2020-03-13 10:58:40 [I] 101
2020-03-13 10:59:31 [I] 当前时间:1584097171,重试时间:1584097120。未收到握手包应答
2020-03-13 10:59:31 [I] 101
2020-03-13 11:00:22 [I] 当前时间:1584097222,重试时间:1584097171。未收到握手包应答
2020-03-13 11:00:22 [I] 101
2020-03-13 11:01:13 [I] 当前时间:1584097273,重试时间:1584097222。未收到握手包应答
2020-03-13 11:01:13 [I] 101
2020-03-13 11:02:04 [I] 当前时间:1584097324,重试时间:1584097273。未收到握手包应答
2020-03-13 11:02:04 [I] 101
2020-03-13 11:02:55 [I] 当前时间:1584097375,重试时间:1584097324。未收到握手包应答
2020-03-13 11:02:55 [I] 101
2020-03-13 11:03:46 [I] 当前时间:1584097426,重试时间:1584097375。未收到握手包应答
2020-03-13 11:03:46 [I] 101
2020-03-13 11:04:37 [I] 当前时间:1584097477,重试时间:1584097426。未收到握手包应答
2020-03-13 11:04:37 [I] 101
2020-03-13 11:05:28 [I] 当前时间:1584097528,重试时间:1584097477。未收到握手包应答
2020-03-13 11:05:28 [I] 101
2020-03-13 11:06:19 [I] 当前时间:1584097579,重试时间:1584097528。未收到握手包应答
2020-03-13 11:06:19 [I] 101
2020-03-13 11:07:10 [I] 当前时间:1584097630,重试时间:1584097579。未收到握手包应答
2020-03-13 11:07:10 [I] 101
2020-03-13 11:08:01 [I] 当前时间:1584097681,重试时间:1584097630。未收到握手包应答
2020-03-13 11:08:01 [I] 101
2020-03-13 11:08:52 [I] 当前时间:1584097732,重试时间:1584097681。未收到握手包应答
2020-03-13 11:08:52 [I] 101
2020-03-13 11:09:43 [I] 当前时间:1584097783,重试时间:1584097732。未收到握手包应答
2020-03-13 11:09:43 [I] 101
2020-03-13 11:10:34 [I] 当前时间:1584097834,重试时间:1584097783。未收到握手包应答
2020-03-13 11:10:34 [I] 101
2020-03-13 11:11:25 [I] 当前时间:1584097885,重试时间:1584097834。未收到握手包应答
2020-03-13 11:11:25 [I] 101
2020-03-13 11:12:16 [I] 当前时间:1584097936,重试时间:1584097885。未收到握手包应答
2020-03-13 11:12:16 [I] 101
2020-03-13 11:13:07 [I] 当前时间:1584097987,重试时间:1584097936。未收到握手包应答
2020-03-13 11:13:07 [I] 101
2020-03-13 11:13:58 [I] 当前时间:1584098038,重试时间:1584097987。未收到握手包应答
2020-03-13 11:13:58 [I] 101
2020-03-13 11:14:49 [I] 当前时间:1584098089,重试时间:1584098038。未收到握手包应答
2020-03-13 11:14:49 [I] 101
2020-03-13 11:15:40 [I] 当前时间:1584098140,重试时间:1584098089。未收到握手包应答
2020-03-13 11:15:40 [I] 101
2020-03-13 11:16:31 [I] 当前时间:1584098191,重试时间:1584098140。未收到握手包应答
2020-03-13 11:16:31 [I] 101
2020-03-13 11:17:22 [I] 当前时间:1584098242,重试时间:1584098191。未收到握手包应答
2020-03-13 11:17:22 [I] 101
2020-03-13 11:18:13 [I] 当前时间:1584098293,重试时间:1584098242。未收到握手包应答
2020-03-13 11:18:13 [I] 101
2020-03-13 11:19:04 [I] 当前时间:1584098344,重试时间:1584098293。未收到握手包应答
2020-03-13 11:19:04 [I] 101
2020-03-13 11:19:55 [I] 当前时间:1584098395,重试时间:1584098344。未收到握手包应答
2020-03-13 11:19:55 [I] 101
2020-03-13 11:20:46 [I] 当前时间:1584098446,重试时间:1584098395。未收到握手包应答
2020-03-13 11:20:46 [I] 101
2020-03-13 11:21:37 [I] 当前时间:1584098497,重试时间:1584098446。未收到握手包应答
2020-03-13 11:21:37 [I] 101
2020-03-13 11:22:28 [I] 当前时间:1584098548,重试时间:1584098497。未收到握手包应答
2020-03-13 11:22:28 [I] 101
2020-03-13 11:23:19 [I] 当前时间:1584098599,重试时间:1584098548。未收到握手包应答
2020-03-13 11:23:19 [I] 101
2020-03-13 11:24:10 [I] 当前时间:1584098650,重试时间:1584098599。未收到握手包应答
2020-03-13 11:24:10 [I] 101
2020-03-13 11:25:01 [I] 当前时间:1584098701,重试时间:1584098650。未收到握手包应答
2020-03-13 11:25:01 [I] 101
2020-03-13 11:25:52 [I] 当前时间:1584098752,重试时间:1584098701。未收到握手包应答
2020-03-13 11:25:52 [I] 101
2020-03-13 11:26:43 [I] 当前时间:1584098803,重试时间:1584098752。未收到握手包应答
2020-03-13 11:26:43 [I] 101
2020-03-13 11:27:34 [I] 当前时间:1584098854,重试时间:1584098803。未收到握手包应答
2020-03-13 11:27:34 [I] 101
2020-03-13 11:28:25 [I] 当前时间:1584098905,重试时间:1584098854。未收到握手包应答
2020-03-13 11:28:25 [I] 101
2020-03-13 11:29:16 [I] 当前时间:1584098956,重试时间:1584098905。未收到握手包应答
2020-03-13 11:29:16 [I] 101
2020-03-13 11:30:07 [I] 当前时间:1584099007,重试时间:1584098956。未收到握手包应答
2020-03-13 11:30:07 [I] 101
2020-03-13 11:30:58 [I] 当前时间:1584099058,重试时间:1584099007。未收到握手包应答
2020-03-13 11:30:58 [I] 101
2020-03-13 11:31:49 [I] 当前时间:1584099109,重试时间:1584099058。未收到握手包应答
2020-03-13 11:31:49 [I] 101
2020-03-13 11:32:40 [I] 当前时间:1584099160,重试时间:1584099109。未收到握手包应答
2020-03-13 11:32:40 [I] 101
2020-03-13 11:33:31 [I] 当前时间:1584099211,重试时间:1584099160。未收到握手包应答
2020-03-13 11:33:31 [I] 101
2020-03-13 11:34:22 [I] 当前时间:1584099262,重试时间:1584099211。未收到握手包应答
2020-03-13 11:34:22 [I] 101
2020-03-13 11:35:13 [I] 当前时间:1584099313,重试时间:1584099262。未收到握手包应答
2020-03-13 11:35:13 [I] 101
2020-03-13 11:36:04 [I] 当前时间:1584099364,重试时间:1584099313。未收到握手包应答
2020-03-13 11:36:04 [I] 101
2020-03-13 11:36:55 [I] 当前时间:1584099415,重试时间:1584099364。未收到握手包应答
2020-03-13 11:36:55 [I] 101
2020-03-13 11:37:46 [I] 当前时间:1584099466,重试时间:1584099415。未收到握手包应答
2020-03-13 11:37:46 [I] 101
2020-03-13 11:38:37 [I] 当前时间:1584099517,重试时间:1584099466。未收到握手包应答
2020-03-13 11:38:37 [I] 101
2020-03-13 11:39:28 [I] 当前时间:1584099568,重试时间:1584099517。未收到握手包应答
2020-03-13 11:39:28 [I] 101
2020-03-13 11:40:19 [I] 当前时间:1584099619,重试时间:1584099568。未收到握手包应答
2020-03-13 11:40:19 [I] 101
2020-03-13 11:41:10 [I] 当前时间:1584099670,重试时间:1584099619。未收到握手包应答
2020-03-13 11:41:10 [I] 101
2020-03-13 11:42:01 [I] 当前时间:1584099721,重试时间:1584099670。未收到握手包应答
2020-03-13 11:42:01 [I] 101
2020-03-13 11:42:52 [I] 当前时间:1584099772,重试时间:1584099721。未收到握手包应答
2020-03-13 11:42:52 [I] 101
2020-03-13 11:43:43 [I] 当前时间:1584099823,重试时间:1584099772。未收到握手包应答
2020-03-13 11:43:43 [I] 101
2020-03-13 11:44:34 [I] 当前时间:1584099874,重试时间:1584099823。未收到握手包应答
2020-03-13 11:44:34 [I] 101
2020-03-13 11:45:25 [I] 当前时间:1584099925,重试时间:1584099874。未收到握手包应答
2020-03-13 11:45:25 [I] 101
2020-03-13 11:46:16 [I] 当前时间:1584099976,重试时间:1584099925。未收到握手包应答
2020-03-13 11:46:16 [I] 101
2020-03-13 11:47:07 [I] 当前时间:1584100027,重试时间:1584099976。未收到握手包应答
2020-03-13 11:47:07 [I] 101
2020-03-13 11:47:58 [I] 当前时间:1584100078,重试时间:1584100027。未收到握手包应答
2020-03-13 11:47:58 [I] 101
2020-03-13 11:48:49 [I] 当前时间:1584100129,重试时间:1584100078。未收到握手包应答
2020-03-13 11:48:49 [I] 101
2020-03-13 11:49:40 [I] 当前时间:1584100180,重试时间:1584100129。未收到握手包应答
2020-03-13 11:49:40 [I] 101
2020-03-13 11:50:31 [I] 当前时间:1584100231,重试时间:1584100180。未收到握手包应答
2020-03-13 11:50:31 [I] 101
2020-03-13 11:51:22 [I] 当前时间:1584100282,重试时间:1584100231。未收到握手包应答
2020-03-13 11:51:22 [I] 101
2020-03-13 11:52:13 [I] 当前时间:1584100333,重试时间:1584100282。未收到握手包应答
2020-03-13 11:52:13 [I] 101
2020-03-13 11:53:04 [I] 当前时间:1584100384,重试时间:1584100333。未收到握手包应答
2020-03-13 11:53:04 [I] 101
2020-03-13 11:53:55 [I] 当前时间:1584100435,重试时间:1584100384。未收到握手包应答
2020-03-13 11:53:55 [I] 101
2020-03-13 11:54:46 [I] 当前时间:1584100486,重试时间:1584100435。未收到握手包应答
2020-03-13 11:54:46 [I] 101
2020-03-13 11:55:37 [I] 当前时间:1584100537,重试时间:1584100486。未收到握手包应答
2020-03-13 11:55:37 [I] 101
2020-03-13 11:56:28 [I] 当前时间:1584100588,重试时间:1584100537。未收到握手包应答
2020-03-13 11:56:28 [I] 101
2020-03-13 11:57:19 [I] 当前时间:1584100639,重试时间:1584100588。未收到握手包应答
2020-03-13 11:57:19 [I] 101
2020-03-13 11:58:10 [I] 当前时间:1584100690,重试时间:1584100639。未收到握手包应答
2020-03-13 11:58:10 [I] 101
2020-03-13 11:59:01 [I] 当前时间:1584100741,重试时间:1584100690。未收到握手包应答
2020-03-13 11:59:01 [I] 101
2020-03-13 11:59:52 [I] 当前时间:1584100792,重试时间:1584100741。未收到握手包应答
2020-03-13 11:59:52 [I] 101
2020-03-13 12:00:43 [I] 当前时间:1584100843,重试时间:1584100792。未收到握手包应答
2020-03-13 12:00:43 [I] 101
2020-03-13 12:01:34 [I] 当前时间:1584100894,重试时间:1584100843。未收到握手包应答
2020-03-13 12:01:34 [I] 101
2020-03-13 12:02:25 [I] 当前时间:1584100945,重试时间:1584100894。未收到握手包应答
2020-03-13 12:02:25 [I] 101
2020-03-13 12:03:16 [I] 当前时间:1584100996,重试时间:1584100945。未收到握手包应答
2020-03-13 12:03:16 [I] 101
2020-03-13 12:04:07 [I] 当前时间:1584101047,重试时间:1584100996。未收到握手包应答
2020-03-13 12:04:07 [I] 101
2020-03-13 12:04:58 [I] 当前时间:1584101098,重试时间:1584101047。未收到握手包应答
2020-03-13 12:04:58 [I] 101
2020-03-13 12:05:49 [I] 当前时间:1584101149,重试时间:1584101098。未收到握手包应答
2020-03-13 12:05:49 [I] 101
2020-03-13 12:06:40 [I] 当前时间:1584101200,重试时间:1584101149。未收到握手包应答
2020-03-13 12:06:40 [I] 101
2020-03-13 12:07:31 [I] 当前时间:1584101251,重试时间:1584101200。未收到握手包应答
2020-03-13 12:07:31 [I] 101
2020-03-13 12:08:22 [I] 当前时间:1584101302,重试时间:1584101251。未收到握手包应答
2020-03-13 12:08:22 [I] 101
2020-03-13 12:09:13 [I] 当前时间:1584101353,重试时间:1584101302。未收到握手包应答
2020-03-13 12:09:13 [I] 101
2020-03-13 12:10:04 [I] 当前时间:1584101404,重试时间:1584101353。未收到握手包应答
2020-03-13 12:10:04 [I] 101
2020-03-13 12:10:55 [I] 当前时间:1584101455,重试时间:1584101404。未收到握手包应答
2020-03-13 12:10:55 [I] 101
2020-03-13 12:11:46 [I] 当前时间:1584101506,重试时间:1584101455。未收到握手包应答
2020-03-13 12:11:46 [I] 101
2020-03-13 12:12:37 [I] 当前时间:1584101557,重试时间:1584101506。未收到握手包应答
2020-03-13 12:12:37 [I] 101
2020-03-13 12:13:28 [I] 当前时间:1584101608,重试时间:1584101557。未收到握手包应答
2020-03-13 12:13:28 [I] 101
2020-03-13 12:14:19 [I] 当前时间:1584101659,重试时间:1584101608。未收到握手包应答
2020-03-13 12:14:19 [I] 101
2020-03-13 12:15:10 [I] 当前时间:1584101710,重试时间:1584101659。未收到握手包应答
2020-03-13 12:15:10 [I] 101
